2025-10-26T16:26:43.191+05:00  INFO 9252 --- [main] e.n.o.OwaspApiVulnLabApplication         : Starting OwaspApiVulnLabApplication using Java 17.0.16 with PID 9252 (C:\Users\Niazi-Express\Downloads\owasp-api-vuln-lab-assignment-03\owasp-api-vuln-lab\target\classes started by Niazi-Express in C:\Users\Niazi-Express\Downloads\owasp-api-vuln-lab-assignment-03\owasp-api-vuln-lab)
2025-10-26T16:26:43.195+05:00 DEBUG 9252 --- [main] e.n.o.OwaspApiVulnLabApplication         : Running with Spring Boot v3.3.4, Spring v6.1.13
2025-10-26T16:26:43.196+05:00  INFO 9252 --- [main] e.n.o.OwaspApiVulnLabApplication         : No active profile set, falling back to 1 default profile: "default"
2025-10-26T16:26:44.077+05:00  INFO 9252 --- [main] .s.d.r.c.RepositoryConfigurationDelegate : Bootstrapping Spring Data JPA repositories in DEFAULT mode.
2025-10-26T16:26:44.174+05:00  INFO 9252 --- [main] .s.d.r.c.RepositoryConfigurationDelegate : Finished Spring Data repository scanning in 86 ms. Found 2 JPA repository interfaces.
2025-10-26T16:26:44.938+05:00  INFO 9252 --- [main] o.s.b.w.embedded.tomcat.TomcatWebServer  : Tomcat initialized with port 8080 (http)
2025-10-26T16:26:44.957+05:00  INFO 9252 --- [main] o.apache.catalina.core.StandardService   : Starting service [Tomcat]
2025-10-26T16:26:44.958+05:00  INFO 9252 --- [main] o.apache.catalina.core.StandardEngine    : Starting Servlet engine: [Apache Tomcat/10.1.30]
2025-10-26T16:26:45.055+05:00  INFO 9252 --- [main] o.a.c.c.C.[Tomcat].[localhost].[/]       : Initializing Spring embedded WebApplicationContext
2025-10-26T16:26:45.056+05:00  INFO 9252 --- [main] w.s.c.ServletWebServerApplicationContext : Root WebApplicationContext: initialization completed in 1799 ms
2025-10-26T16:26:45.092+05:00  INFO 9252 --- [main] com.zaxxer.hikari.HikariDataSource       : HikariPool-1 - Starting...
2025-10-26T16:26:45.319+05:00  INFO 9252 --- [main] com.zaxxer.hikari.pool.HikariPool        : HikariPool-1 - Added connection conn0: url=jdbc:h2:mem:apilab user=SA
2025-10-26T16:26:45.323+05:00  INFO 9252 --- [main] com.zaxxer.hikari.HikariDataSource       : HikariPool-1 - Start completed.
2025-10-26T16:26:45.338+05:00  INFO 9252 --- [main] o.s.b.a.h2.H2ConsoleAutoConfiguration    : H2 console available at '/h2-console'. Database available at 'jdbc:h2:mem:apilab'
2025-10-26T16:26:45.491+05:00  INFO 9252 --- [main] o.hibernate.jpa.internal.util.LogHelper  : HHH000204: Processing PersistenceUnitInfo [name: default]
2025-10-26T16:26:45.574+05:00  INFO 9252 --- [main] org.hibernate.Version                    : HHH000412: Hibernate ORM core version 6.5.3.Final
2025-10-26T16:26:45.620+05:00  INFO 9252 --- [main] o.h.c.internal.RegionFactoryInitiator    : HHH000026: Second-level cache disabled
2025-10-26T16:26:46.039+05:00  INFO 9252 --- [main] o.s.o.j.p.SpringPersistenceUnitInfo      : No LoadTimeWeaver setup: ignoring JPA class transformer
2025-10-26T16:26:47.408+05:00  INFO 9252 --- [main] o.h.e.t.j.p.i.JtaPlatformInitiator       : HHH000489: No JTA platform available (set 'hibernate.transaction.jta.platform' to enable JTA platform integration)
2025-10-26T16:26:47.500+05:00  INFO 9252 --- [main] j.LocalContainerEntityManagerFactoryBean : Initialized JPA EntityManagerFactory for persistence unit 'default'
2025-10-26T16:26:47.822+05:00  INFO 9252 --- [main] o.s.d.j.r.query.QueryEnhancerFactory     : Hibernate is in classpath; If applicable, HQL parser will be used.
2025-10-26T16:26:48.407+05:00  WARN 9252 --- [main] JpaBaseConfiguration$JpaWebConfiguration : spring.jpa.open-in-view is enabled by default. Therefore, database queries may be performed during view rendering. Explicitly configure spring.jpa.open-in-view to disable this warning
2025-10-26T16:26:48.443+05:00  WARN 9252 --- [main] .s.s.UserDetailsServiceAutoConfiguration : 

Using generated security password: e49c5343-9c4b-4551-9453-1b43ce020d86

This generated password is for development use only. Your security configuration must be updated before running your application in production.

2025-10-26T16:26:48.453+05:00  INFO 9252 --- [main] r$InitializeUserDetailsManagerConfigurer : Global AuthenticationManager configured with UserDetailsService bean with name inMemoryUserDetailsManager
2025-10-26T16:26:49.139+05:00  INFO 9252 --- [main] o.s.b.w.embedded.tomcat.TomcatWebServer  : Tomcat started on port 8080 (http) with context path '/'
2025-10-26T16:26:49.153+05:00  INFO 9252 --- [main] e.n.o.OwaspApiVulnLabApplication         : Started OwaspApiVulnLabApplication in 6.533 seconds (process running for 6.996)
2025-10-26T16:27:15.392+05:00  INFO 9252 --- [http-nio-8080-exec-1] o.a.c.c.C.[Tomcat].[localhost].[/]       : Initializing Spring DispatcherServlet 'dispatcherServlet'
2025-10-26T16:27:15.392+05:00  INFO 9252 --- [http-nio-8080-exec-1] o.s.web.servlet.DispatcherServlet        : Initializing Servlet 'dispatcherServlet'
2025-10-26T16:27:15.393+05:00  INFO 9252 --- [http-nio-8080-exec-1] o.s.web.servlet.DispatcherServlet        : Completed initialization in 1 ms
2025-10-26T16:29:11.806+05:00  INFO 9252 --- [SpringApplicationShutdownHook] j.LocalContainerEntityManagerFactoryBean : Closing JPA EntityManagerFactory for persistence unit 'default'
2025-10-26T16:29:11.810+05:00  INFO 9252 --- [SpringApplicationShutdownHook] com.zaxxer.hikari.HikariDataSource       : HikariPool-1 - Shutdown initiated...
2025-10-26T16:29:11.812+05:00  INFO 9252 --- [SpringApplicationShutdownHook] com.zaxxer.hikari.HikariDataSource       : HikariPool-1 - Shutdown completed.
2025-10-26T16:31:41.046+05:00  INFO 22372 --- [main] e.n.o.OwaspApiVulnLabApplication         : Starting OwaspApiVulnLabApplication using Java 17.0.16 with PID 22372 (C:\Users\Niazi-Express\Downloads\owasp-api-vuln-lab-assignment-03\owasp-api-vuln-lab\target\classes started by Niazi-Express in C:\Users\Niazi-Express\Downloads\owasp-api-vuln-lab-assignment-03\owasp-api-vuln-lab)
2025-10-26T16:31:41.050+05:00 DEBUG 22372 --- [main] e.n.o.OwaspApiVulnLabApplication         : Running with Spring Boot v3.3.4, Spring v6.1.13
2025-10-26T16:31:41.051+05:00  INFO 22372 --- [main] e.n.o.OwaspApiVulnLabApplication         : No active profile set, falling back to 1 default profile: "default"
2025-10-26T16:31:41.886+05:00  INFO 22372 --- [main] .s.d.r.c.RepositoryConfigurationDelegate : Bootstrapping Spring Data JPA repositories in DEFAULT mode.
2025-10-26T16:31:41.985+05:00  INFO 22372 --- [main] .s.d.r.c.RepositoryConfigurationDelegate : Finished Spring Data repository scanning in 88 ms. Found 2 JPA repository interfaces.
2025-10-26T16:31:42.786+05:00  INFO 22372 --- [main] o.s.b.w.embedded.tomcat.TomcatWebServer  : Tomcat initialized with port 8080 (http)
2025-10-26T16:31:42.802+05:00  INFO 22372 --- [main] o.apache.catalina.core.StandardService   : Starting service [Tomcat]
2025-10-26T16:31:42.803+05:00  INFO 22372 --- [main] o.apache.catalina.core.StandardEngine    : Starting Servlet engine: [Apache Tomcat/10.1.30]
2025-10-26T16:31:42.908+05:00  INFO 22372 --- [main] o.a.c.c.C.[Tomcat].[localhost].[/]       : Initializing Spring embedded WebApplicationContext
2025-10-26T16:31:42.909+05:00  INFO 22372 --- [main] w.s.c.ServletWebServerApplicationContext : Root WebApplicationContext: initialization completed in 1796 ms
2025-10-26T16:31:42.950+05:00  INFO 22372 --- [main] com.zaxxer.hikari.HikariDataSource       : HikariPool-1 - Starting...
2025-10-26T16:31:43.198+05:00  INFO 22372 --- [main] com.zaxxer.hikari.pool.HikariPool        : HikariPool-1 - Added connection conn0: url=jdbc:h2:mem:apilab user=SA
2025-10-26T16:31:43.201+05:00  INFO 22372 --- [main] com.zaxxer.hikari.HikariDataSource       : HikariPool-1 - Start completed.
2025-10-26T16:31:43.220+05:00  INFO 22372 --- [main] o.s.b.a.h2.H2ConsoleAutoConfiguration    : H2 console available at '/h2-console'. Database available at 'jdbc:h2:mem:apilab'
2025-10-26T16:31:43.374+05:00  INFO 22372 --- [main] o.hibernate.jpa.internal.util.LogHelper  : HHH000204: Processing PersistenceUnitInfo [name: default]
2025-10-26T16:31:43.462+05:00  INFO 22372 --- [main] org.hibernate.Version                    : HHH000412: Hibernate ORM core version 6.5.3.Final
2025-10-26T16:31:43.519+05:00  INFO 22372 --- [main] o.h.c.internal.RegionFactoryInitiator    : HHH000026: Second-level cache disabled
2025-10-26T16:31:43.941+05:00  INFO 22372 --- [main] o.s.o.j.p.SpringPersistenceUnitInfo      : No LoadTimeWeaver setup: ignoring JPA class transformer
2025-10-26T16:31:45.204+05:00  INFO 22372 --- [main] o.h.e.t.j.p.i.JtaPlatformInitiator       : HHH000489: No JTA platform available (set 'hibernate.transaction.jta.platform' to enable JTA platform integration)
2025-10-26T16:31:45.283+05:00  INFO 22372 --- [main] j.LocalContainerEntityManagerFactoryBean : Initialized JPA EntityManagerFactory for persistence unit 'default'
2025-10-26T16:31:45.587+05:00  INFO 22372 --- [main] o.s.d.j.r.query.QueryEnhancerFactory     : Hibernate is in classpath; If applicable, HQL parser will be used.
2025-10-26T16:31:46.147+05:00  WARN 22372 --- [main] JpaBaseConfiguration$JpaWebConfiguration : spring.jpa.open-in-view is enabled by default. Therefore, database queries may be performed during view rendering. Explicitly configure spring.jpa.open-in-view to disable this warning
2025-10-26T16:31:46.181+05:00  WARN 22372 --- [main] .s.s.UserDetailsServiceAutoConfiguration : 

Using generated security password: b39adc89-ed17-4413-9ae7-5497c5f8e834

This generated password is for development use only. Your security configuration must be updated before running your application in production.

2025-10-26T16:31:46.197+05:00  INFO 22372 --- [main] r$InitializeUserDetailsManagerConfigurer : Global AuthenticationManager configured with UserDetailsService bean with name inMemoryUserDetailsManager
2025-10-26T16:31:46.785+05:00  INFO 22372 --- [main] o.s.b.w.embedded.tomcat.TomcatWebServer  : Tomcat started on port 8080 (http) with context path '/'
2025-10-26T16:31:46.797+05:00  INFO 22372 --- [main] e.n.o.OwaspApiVulnLabApplication         : Started OwaspApiVulnLabApplication in 6.328 seconds (process running for 6.818)
2025-10-26T16:31:57.764+05:00  INFO 22372 --- [http-nio-8080-exec-2] o.a.c.c.C.[Tomcat].[localhost].[/]       : Initializing Spring DispatcherServlet 'dispatcherServlet'
2025-10-26T16:31:57.765+05:00  INFO 22372 --- [http-nio-8080-exec-2] o.s.web.servlet.DispatcherServlet        : Initializing Servlet 'dispatcherServlet'
2025-10-26T16:31:57.766+05:00  INFO 22372 --- [http-nio-8080-exec-2] o.s.web.servlet.DispatcherServlet        : Completed initialization in 1 ms
2025-10-26T16:31:58.083+05:00 DEBUG 22372 --- [http-nio-8080-exec-2] e.n.o.security.GlobalExceptionHandler    : Validation failed: {password=must not be blank, email=must not be blank}
2025-10-26T17:14:50.180+05:00  INFO 22372 --- [SpringApplicationShutdownHook] j.LocalContainerEntityManagerFactoryBean : Closing JPA EntityManagerFactory for persistence unit 'default'
2025-10-26T17:14:50.186+05:00  INFO 22372 --- [SpringApplicationShutdownHook] com.zaxxer.hikari.HikariDataSource       : HikariPool-1 - Shutdown initiated...
2025-10-26T17:14:50.189+05:00  INFO 22372 --- [SpringApplicationShutdownHook] com.zaxxer.hikari.HikariDataSource       : HikariPool-1 - Shutdown completed.
2025-10-26T17:15:09.232+05:00  INFO 26736 --- [main] e.n.o.OwaspApiVulnLabApplication         : Starting OwaspApiVulnLabApplication using Java 17.0.16 with PID 26736 (C:\Users\Niazi-Express\Downloads\owasp-api-vuln-lab-assignment-03\owasp-api-vuln-lab\target\classes started by Niazi-Express in C:\Users\Niazi-Express\Downloads\owasp-api-vuln-lab-assignment-03\owasp-api-vuln-lab)
2025-10-26T17:15:09.236+05:00 DEBUG 26736 --- [main] e.n.o.OwaspApiVulnLabApplication         : Running with Spring Boot v3.3.4, Spring v6.1.13
2025-10-26T17:15:09.237+05:00  INFO 26736 --- [main] e.n.o.OwaspApiVulnLabApplication         : No active profile set, falling back to 1 default profile: "default"
2025-10-26T17:15:10.061+05:00  INFO 26736 --- [main] .s.d.r.c.RepositoryConfigurationDelegate : Bootstrapping Spring Data JPA repositories in DEFAULT mode.
2025-10-26T17:15:10.152+05:00  INFO 26736 --- [main] .s.d.r.c.RepositoryConfigurationDelegate : Finished Spring Data repository scanning in 82 ms. Found 2 JPA repository interfaces.
2025-10-26T17:15:10.887+05:00  INFO 26736 --- [main] o.s.b.w.embedded.tomcat.TomcatWebServer  : Tomcat initialized with port 8080 (http)
2025-10-26T17:15:10.908+05:00  INFO 26736 --- [main] o.apache.catalina.core.StandardService   : Starting service [Tomcat]
2025-10-26T17:15:10.909+05:00  INFO 26736 --- [main] o.apache.catalina.core.StandardEngine    : Starting Servlet engine: [Apache Tomcat/10.1.30]
2025-10-26T17:15:11.005+05:00  INFO 26736 --- [main] o.a.c.c.C.[Tomcat].[localhost].[/]       : Initializing Spring embedded WebApplicationContext
2025-10-26T17:15:11.006+05:00  INFO 26736 --- [main] w.s.c.ServletWebServerApplicationContext : Root WebApplicationContext: initialization completed in 1706 ms
2025-10-26T17:15:11.044+05:00  INFO 26736 --- [main] com.zaxxer.hikari.HikariDataSource       : HikariPool-1 - Starting...
2025-10-26T17:15:11.306+05:00  INFO 26736 --- [main] com.zaxxer.hikari.pool.HikariPool        : HikariPool-1 - Added connection conn0: url=jdbc:h2:mem:apilab user=SA
2025-10-26T17:15:11.311+05:00  INFO 26736 --- [main] com.zaxxer.hikari.HikariDataSource       : HikariPool-1 - Start completed.
2025-10-26T17:15:11.331+05:00  INFO 26736 --- [main] o.s.b.a.h2.H2ConsoleAutoConfiguration    : H2 console available at '/h2-console'. Database available at 'jdbc:h2:mem:apilab'
2025-10-26T17:15:11.494+05:00  INFO 26736 --- [main] o.hibernate.jpa.internal.util.LogHelper  : HHH000204: Processing PersistenceUnitInfo [name: default]
2025-10-26T17:15:11.573+05:00  INFO 26736 --- [main] org.hibernate.Version                    : HHH000412: Hibernate ORM core version 6.5.3.Final
2025-10-26T17:15:11.627+05:00  INFO 26736 --- [main] o.h.c.internal.RegionFactoryInitiator    : HHH000026: Second-level cache disabled
2025-10-26T17:15:12.048+05:00  INFO 26736 --- [main] o.s.o.j.p.SpringPersistenceUnitInfo      : No LoadTimeWeaver setup: ignoring JPA class transformer
2025-10-26T17:15:13.417+05:00  INFO 26736 --- [main] o.h.e.t.j.p.i.JtaPlatformInitiator       : HHH000489: No JTA platform available (set 'hibernate.transaction.jta.platform' to enable JTA platform integration)
2025-10-26T17:15:13.508+05:00  INFO 26736 --- [main] j.LocalContainerEntityManagerFactoryBean : Initialized JPA EntityManagerFactory for persistence unit 'default'
2025-10-26T17:15:13.868+05:00  INFO 26736 --- [main] o.s.d.j.r.query.QueryEnhancerFactory     : Hibernate is in classpath; If applicable, HQL parser will be used.
2025-10-26T17:15:14.669+05:00  WARN 26736 --- [main] JpaBaseConfiguration$JpaWebConfiguration : spring.jpa.open-in-view is enabled by default. Therefore, database queries may be performed during view rendering. Explicitly configure spring.jpa.open-in-view to disable this warning
2025-10-26T17:15:14.721+05:00  WARN 26736 --- [main] .s.s.UserDetailsServiceAutoConfiguration : 

Using generated security password: f85c9485-32b5-490c-9e11-bb14b9cb1f18

This generated password is for development use only. Your security configuration must be updated before running your application in production.

2025-10-26T17:15:14.734+05:00  INFO 26736 --- [main] r$InitializeUserDetailsManagerConfigurer : Global AuthenticationManager configured with UserDetailsService bean with name inMemoryUserDetailsManager
2025-10-26T17:15:15.549+05:00  INFO 26736 --- [main] o.s.b.w.embedded.tomcat.TomcatWebServer  : Tomcat started on port 8080 (http) with context path '/'
2025-10-26T17:15:15.565+05:00  INFO 26736 --- [main] e.n.o.OwaspApiVulnLabApplication         : Started OwaspApiVulnLabApplication in 6.909 seconds (process running for 7.392)
2025-10-26T17:15:16.983+05:00  INFO 26736 --- [main] .s.b.a.l.ConditionEvaluationReportLogger : 

Error starting ApplicationContext. To display the condition evaluation report re-run your application with 'debug' enabled.
2025-10-26T17:15:17.011+05:00 ERROR 26736 --- [main] o.s.boot.SpringApplication               : Application run failed

jakarta.validation.ConstraintViolationException: Validation failed for classes [edu.nu.owaspapivulnlab.model.Account] during persist time for groups [jakarta.validation.groups.Default, ]
List of constraint violations:[
	ConstraintViolationImpl{interpolatedMessage='invalid IBAN format', propertyPath=iban, rootBeanClass=class edu.nu.owaspapivulnlab.model.Account, messageTemplate='invalid IBAN format'}
]
	at org.hibernate.boot.beanvalidation.BeanValidationEventListener.validate(BeanValidationEventListener.java:151) ~[hibernate-core-6.5.3.Final.jar:6.5.3.Final]
	at org.hibernate.boot.beanvalidation.BeanValidationEventListener.onPreInsert(BeanValidationEventListener.java:81) ~[hibernate-core-6.5.3.Final.jar:6.5.3.Final]
	at org.hibernate.action.internal.EntityIdentityInsertAction.preInsert(EntityIdentityInsertAction.java:201) ~[hibernate-core-6.5.3.Final.jar:6.5.3.Final]
	at org.hibernate.action.internal.EntityIdentityInsertAction.execute(EntityIdentityInsertAction.java:79) ~[hibernate-core-6.5.3.Final.jar:6.5.3.Final]
	at org.hibernate.engine.spi.ActionQueue.execute(ActionQueue.java:671) ~[hibernate-core-6.5.3.Final.jar:6.5.3.Final]
	at org.hibernate.engine.spi.ActionQueue.addResolvedEntityInsertAction(ActionQueue.java:292) ~[hibernate-core-6.5.3.Final.jar:6.5.3.Final]
	at org.hibernate.engine.spi.ActionQueue.addInsertAction(ActionQueue.java:273) ~[hibernate-core-6.5.3.Final.jar:6.5.3.Final]
	at org.hibernate.engine.spi.ActionQueue.addAction(ActionQueue.java:323) ~[hibernate-core-6.5.3.Final.jar:6.5.3.Final]
	at org.hibernate.event.internal.AbstractSaveEventListener.addInsertAction(AbstractSaveEventListener.java:391) ~[hibernate-core-6.5.3.Final.jar:6.5.3.Final]
	at org.hibernate.event.internal.AbstractSaveEventListener.performSaveOrReplicate(AbstractSaveEventListener.java:305) ~[hibernate-core-6.5.3.Final.jar:6.5.3.Final]
	at org.hibernate.event.internal.AbstractSaveEventListener.performSave(AbstractSaveEventListener.java:224) ~[hibernate-core-6.5.3.Final.jar:6.5.3.Final]
	at org.hibernate.event.internal.AbstractSaveEventListener.saveWithGeneratedId(AbstractSaveEventListener.java:137) ~[hibernate-core-6.5.3.Final.jar:6.5.3.Final]
	at org.hibernate.event.internal.DefaultPersistEventListener.entityIsTransient(DefaultPersistEventListener.java:175) ~[hibernate-core-6.5.3.Final.jar:6.5.3.Final]
	at org.hibernate.event.internal.DefaultPersistEventListener.persist(DefaultPersistEventListener.java:93) ~[hibernate-core-6.5.3.Final.jar:6.5.3.Final]
	at org.hibernate.event.internal.DefaultPersistEventListener.onPersist(DefaultPersistEventListener.java:77) ~[hibernate-core-6.5.3.Final.jar:6.5.3.Final]
	at org.hibernate.event.internal.DefaultPersistEventListener.onPersist(DefaultPersistEventListener.java:54) ~[hibernate-core-6.5.3.Final.jar:6.5.3.Final]
	at org.hibernate.event.service.internal.EventListenerGroupImpl.fireEventOnEachListener(EventListenerGroupImpl.java:127) ~[hibernate-core-6.5.3.Final.jar:6.5.3.Final]
	at org.hibernate.internal.SessionImpl.firePersist(SessionImpl.java:757) ~[hibernate-core-6.5.3.Final.jar:6.5.3.Final]
	at org.hibernate.internal.SessionImpl.persist(SessionImpl.java:741) ~[hibernate-core-6.5.3.Final.jar:6.5.3.Final]
	at java.base/jdk.internal.reflect.NativeMethodAccessorImpl.invoke0(Native Method) ~[na:na]
	at java.base/jdk.internal.reflect.NativeMethodAccessorImpl.invoke(NativeMethodAccessorImpl.java:77) ~[na:na]
	at java.base/jdk.internal.reflect.DelegatingMethodAccessorImpl.invoke(DelegatingMethodAccessorImpl.java:43) ~[na:na]
	at java.base/java.lang.reflect.Method.invoke(Method.java:569) ~[na:na]
	at org.springframework.orm.jpa.SharedEntityManagerCreator$SharedEntityManagerInvocationHandler.invoke(SharedEntityManagerCreator.java:319) ~[spring-orm-6.1.13.jar:6.1.13]
	at jdk.proxy2/jdk.proxy2.$Proxy121.persist(Unknown Source) ~[na:na]
	at org.springframework.data.jpa.repository.support.SimpleJpaRepository.save(SimpleJpaRepository.java:626) ~[spring-data-jpa-3.3.4.jar:3.3.4]
	at java.base/jdk.internal.reflect.NativeMethodAccessorImpl.invoke0(Native Method) ~[na:na]
	at java.base/jdk.internal.reflect.NativeMethodAccessorImpl.invoke(NativeMethodAccessorImpl.java:77) ~[na:na]
	at java.base/jdk.internal.reflect.DelegatingMethodAccessorImpl.invoke(DelegatingMethodAccessorImpl.java:43) ~[na:na]
	at java.base/java.lang.reflect.Method.invoke(Method.java:569) ~[na:na]
	at org.springframework.aop.support.AopUtils.invokeJoinpointUsingReflection(AopUtils.java:355) ~[spring-aop-6.1.13.jar:6.1.13]
	at org.springframework.data.repository.core.support.RepositoryMethodInvoker$RepositoryFragmentMethodInvoker.lambda$new$0(RepositoryMethodInvoker.java:277) ~[spring-data-commons-3.3.4.jar:3.3.4]
	at org.springframework.data.repository.core.support.RepositoryMethodInvoker.doInvoke(RepositoryMethodInvoker.java:170) ~[spring-data-commons-3.3.4.jar:3.3.4]
	at org.springframework.data.repository.core.support.RepositoryMethodInvoker.invoke(RepositoryMethodInvoker.java:158) ~[spring-data-commons-3.3.4.jar:3.3.4]
	at org.springframework.data.repository.core.support.RepositoryComposition$RepositoryFragments.invoke(RepositoryComposition.java:516) ~[spring-data-commons-3.3.4.jar:3.3.4]
	at org.springframework.data.repository.core.support.RepositoryComposition.invoke(RepositoryComposition.java:285) ~[spring-data-commons-3.3.4.jar:3.3.4]
	at org.springframework.data.repository.core.support.RepositoryFactorySupport$ImplementationMethodExecutionInterceptor.invoke(RepositoryFactorySupport.java:628) ~[spring-data-commons-3.3.4.jar:3.3.4]
	at org.springframework.aop.framework.ReflectiveMethodInvocation.proceed(ReflectiveMethodInvocation.java:184) ~[spring-aop-6.1.13.jar:6.1.13]
	at org.springframework.data.repository.core.support.QueryExecutorMethodInterceptor.doInvoke(QueryExecutorMethodInterceptor.java:173) ~[spring-data-commons-3.3.4.jar:3.3.4]
	at org.springframework.data.repository.core.support.QueryExecutorMethodInterceptor.invoke(QueryExecutorMethodInterceptor.java:148) ~[spring-data-commons-3.3.4.jar:3.3.4]
	at org.springframework.aop.framework.ReflectiveMethodInvocation.proceed(ReflectiveMethodInvocation.java:184) ~[spring-aop-6.1.13.jar:6.1.13]
	at org.springframework.data.projection.DefaultMethodInvokingMethodInterceptor.invoke(DefaultMethodInvokingMethodInterceptor.java:70) ~[spring-data-commons-3.3.4.jar:3.3.4]
	at org.springframework.aop.framework.ReflectiveMethodInvocation.proceed(ReflectiveMethodInvocation.java:184) ~[spring-aop-6.1.13.jar:6.1.13]
	at org.springframework.transaction.interceptor.TransactionAspectSupport.invokeWithinTransaction(TransactionAspectSupport.java:379) ~[spring-tx-6.1.13.jar:6.1.13]
	at org.springframework.transaction.interceptor.TransactionInterceptor.invoke(TransactionInterceptor.java:119) ~[spring-tx-6.1.13.jar:6.1.13]
	at org.springframework.aop.framework.ReflectiveMethodInvocation.proceed(ReflectiveMethodInvocation.java:184) ~[spring-aop-6.1.13.jar:6.1.13]
	at org.springframework.dao.support.PersistenceExceptionTranslationInterceptor.invoke(PersistenceExceptionTranslationInterceptor.java:138) ~[spring-tx-6.1.13.jar:6.1.13]
	at org.springframework.aop.framework.ReflectiveMethodInvocation.proceed(ReflectiveMethodInvocation.java:184) ~[spring-aop-6.1.13.jar:6.1.13]
	at org.springframework.data.jpa.repository.support.CrudMethodMetadataPostProcessor$CrudMethodMetadataPopulatingMethodInterceptor.invoke(CrudMethodMetadataPostProcessor.java:165) ~[spring-data-jpa-3.3.4.jar:3.3.4]
	at org.springframework.aop.framework.ReflectiveMethodInvocation.proceed(ReflectiveMethodInvocation.java:184) ~[spring-aop-6.1.13.jar:6.1.13]
	at org.springframework.aop.interceptor.ExposeInvocationInterceptor.invoke(ExposeInvocationInterceptor.java:97) ~[spring-aop-6.1.13.jar:6.1.13]
	at org.springframework.aop.framework.ReflectiveMethodInvocation.proceed(ReflectiveMethodInvocation.java:184) ~[spring-aop-6.1.13.jar:6.1.13]
	at org.springframework.aop.framework.JdkDynamicAopProxy.invoke(JdkDynamicAopProxy.java:223) ~[spring-aop-6.1.13.jar:6.1.13]
	at jdk.proxy2/jdk.proxy2.$Proxy131.save(Unknown Source) ~[na:na]
	at edu.nu.owaspapivulnlab.config.DataSeeder.lambda$seed$0(DataSeeder.java:39) ~[classes/:na]
	at org.springframework.boot.SpringApplication.lambda$callRunner$5(SpringApplication.java:790) ~[spring-boot-3.3.4.jar:3.3.4]
	at org.springframework.util.function.ThrowingConsumer$1.acceptWithException(ThrowingConsumer.java:83) ~[spring-core-6.1.13.jar:6.1.13]
	at org.springframework.util.function.ThrowingConsumer.accept(ThrowingConsumer.java:60) ~[spring-core-6.1.13.jar:6.1.13]
	at org.springframework.util.function.ThrowingConsumer$1.accept(ThrowingConsumer.java:88) ~[spring-core-6.1.13.jar:6.1.13]
	at org.springframework.boot.SpringApplication.callRunner(SpringApplication.java:798) ~[spring-boot-3.3.4.jar:3.3.4]
	at org.springframework.boot.SpringApplication.callRunner(SpringApplication.java:789) ~[spring-boot-3.3.4.jar:3.3.4]
	at org.springframework.boot.SpringApplication.lambda$callRunners$3(SpringApplication.java:774) ~[spring-boot-3.3.4.jar:3.3.4]
	at java.base/java.util.stream.ForEachOps$ForEachOp$OfRef.accept(ForEachOps.java:183) ~[na:na]
	at java.base/java.util.stream.SortedOps$SizedRefSortingSink.end(SortedOps.java:357) ~[na:na]
	at java.base/java.util.stream.AbstractPipeline.copyInto(AbstractPipeline.java:510) ~[na:na]
	at java.base/java.util.stream.AbstractPipeline.wrapAndCopyInto(AbstractPipeline.java:499) ~[na:na]
	at java.base/java.util.stream.ForEachOps$ForEachOp.evaluateSequential(ForEachOps.java:150) ~[na:na]
	at java.base/java.util.stream.ForEachOps$ForEachOp$OfRef.evaluateSequential(ForEachOps.java:173) ~[na:na]
	at java.base/java.util.stream.AbstractPipeline.evaluate(AbstractPipeline.java:234) ~[na:na]
	at java.base/java.util.stream.ReferencePipeline.forEach(ReferencePipeline.java:596) ~[na:na]
	at org.springframework.boot.SpringApplication.callRunners(SpringApplication.java:774) ~[spring-boot-3.3.4.jar:3.3.4]
	at org.springframework.boot.SpringApplication.run(SpringApplication.java:342) ~[spring-boot-3.3.4.jar:3.3.4]
	at org.springframework.boot.SpringApplication.run(SpringApplication.java:1363) ~[spring-boot-3.3.4.jar:3.3.4]
	at org.springframework.boot.SpringApplication.run(SpringApplication.java:1352) ~[spring-boot-3.3.4.jar:3.3.4]
	at edu.nu.owaspapivulnlab.OwaspApiVulnLabApplication.main(OwaspApiVulnLabApplication.java:9) ~[classes/:na]

2025-10-26T17:15:17.102+05:00  INFO 26736 --- [main] j.LocalContainerEntityManagerFactoryBean : Closing JPA EntityManagerFactory for persistence unit 'default'
2025-10-26T17:15:17.106+05:00  INFO 26736 --- [main] com.zaxxer.hikari.HikariDataSource       : HikariPool-1 - Shutdown initiated...
2025-10-26T17:15:17.110+05:00  INFO 26736 --- [main] com.zaxxer.hikari.HikariDataSource       : HikariPool-1 - Shutdown completed.
2025-10-26T17:49:22.345+05:00  INFO 33604 --- [main] e.n.o.OwaspApiVulnLabApplication         : Starting OwaspApiVulnLabApplication using Java 17.0.16 with PID 33604 (C:\Users\Niazi-Express\Downloads\owasp-api-vuln-lab-assignment-03\owasp-api-vuln-lab\target\classes started by Niazi-Express in C:\Users\Niazi-Express\Downloads\owasp-api-vuln-lab-assignment-03\owasp-api-vuln-lab)
2025-10-26T17:49:22.349+05:00 DEBUG 33604 --- [main] e.n.o.OwaspApiVulnLabApplication         : Running with Spring Boot v3.3.4, Spring v6.1.13
2025-10-26T17:49:22.352+05:00  INFO 33604 --- [main] e.n.o.OwaspApiVulnLabApplication         : No active profile set, falling back to 1 default profile: "default"
2025-10-26T17:49:23.226+05:00  INFO 33604 --- [main] .s.d.r.c.RepositoryConfigurationDelegate : Bootstrapping Spring Data JPA repositories in DEFAULT mode.
2025-10-26T17:49:23.322+05:00  INFO 33604 --- [main] .s.d.r.c.RepositoryConfigurationDelegate : Finished Spring Data repository scanning in 86 ms. Found 2 JPA repository interfaces.
2025-10-26T17:49:24.108+05:00  INFO 33604 --- [main] o.s.b.w.embedded.tomcat.TomcatWebServer  : Tomcat initialized with port 8080 (http)
2025-10-26T17:49:24.128+05:00  INFO 33604 --- [main] o.apache.catalina.core.StandardService   : Starting service [Tomcat]
2025-10-26T17:49:24.129+05:00  INFO 33604 --- [main] o.apache.catalina.core.StandardEngine    : Starting Servlet engine: [Apache Tomcat/10.1.30]
2025-10-26T17:49:24.250+05:00  INFO 33604 --- [main] o.a.c.c.C.[Tomcat].[localhost].[/]       : Initializing Spring embedded WebApplicationContext
2025-10-26T17:49:24.251+05:00  INFO 33604 --- [main] w.s.c.ServletWebServerApplicationContext : Root WebApplicationContext: initialization completed in 1802 ms
2025-10-26T17:49:24.318+05:00  INFO 33604 --- [main] com.zaxxer.hikari.HikariDataSource       : HikariPool-1 - Starting...
2025-10-26T17:49:24.586+05:00  INFO 33604 --- [main] com.zaxxer.hikari.pool.HikariPool        : HikariPool-1 - Added connection conn0: url=jdbc:h2:mem:apilab user=SA
2025-10-26T17:49:24.590+05:00  INFO 33604 --- [main] com.zaxxer.hikari.HikariDataSource       : HikariPool-1 - Start completed.
2025-10-26T17:49:24.603+05:00  INFO 33604 --- [main] o.s.b.a.h2.H2ConsoleAutoConfiguration    : H2 console available at '/h2-console'. Database available at 'jdbc:h2:mem:apilab'
2025-10-26T17:49:24.755+05:00  INFO 33604 --- [main] o.hibernate.jpa.internal.util.LogHelper  : HHH000204: Processing PersistenceUnitInfo [name: default]
2025-10-26T17:49:24.832+05:00  INFO 33604 --- [main] org.hibernate.Version                    : HHH000412: Hibernate ORM core version 6.5.3.Final
2025-10-26T17:49:24.881+05:00  INFO 33604 --- [main] o.h.c.internal.RegionFactoryInitiator    : HHH000026: Second-level cache disabled
2025-10-26T17:49:25.290+05:00  INFO 33604 --- [main] o.s.o.j.p.SpringPersistenceUnitInfo      : No LoadTimeWeaver setup: ignoring JPA class transformer
2025-10-26T17:49:26.574+05:00  INFO 33604 --- [main] o.h.e.t.j.p.i.JtaPlatformInitiator       : HHH000489: No JTA platform available (set 'hibernate.transaction.jta.platform' to enable JTA platform integration)
2025-10-26T17:49:26.670+05:00  INFO 33604 --- [main] j.LocalContainerEntityManagerFactoryBean : Initialized JPA EntityManagerFactory for persistence unit 'default'
2025-10-26T17:49:26.994+05:00  INFO 33604 --- [main] o.s.d.j.r.query.QueryEnhancerFactory     : Hibernate is in classpath; If applicable, HQL parser will be used.
2025-10-26T17:49:27.603+05:00  WARN 33604 --- [main] JpaBaseConfiguration$JpaWebConfiguration : spring.jpa.open-in-view is enabled by default. Therefore, database queries may be performed during view rendering. Explicitly configure spring.jpa.open-in-view to disable this warning
2025-10-26T17:49:27.638+05:00  WARN 33604 --- [main] .s.s.UserDetailsServiceAutoConfiguration : 

Using generated security password: 2a3cc461-b631-4366-96d3-410f8f0da537

This generated password is for development use only. Your security configuration must be updated before running your application in production.

2025-10-26T17:49:27.649+05:00  INFO 33604 --- [main] r$InitializeUserDetailsManagerConfigurer : Global AuthenticationManager configured with UserDetailsService bean with name inMemoryUserDetailsManager
2025-10-26T17:49:28.250+05:00  INFO 33604 --- [main] o.s.b.w.embedded.tomcat.TomcatWebServer  : Tomcat started on port 8080 (http) with context path '/'
2025-10-26T17:49:28.261+05:00  INFO 33604 --- [main] e.n.o.OwaspApiVulnLabApplication         : Started OwaspApiVulnLabApplication in 6.54 seconds (process running for 7.087)
2025-10-26T17:49:37.453+05:00  INFO 33604 --- [http-nio-8080-exec-1] o.a.c.c.C.[Tomcat].[localhost].[/]       : Initializing Spring DispatcherServlet 'dispatcherServlet'
2025-10-26T17:49:37.453+05:00  INFO 33604 --- [http-nio-8080-exec-1] o.s.web.servlet.DispatcherServlet        : Initializing Servlet 'dispatcherServlet'
2025-10-26T17:49:37.456+05:00  INFO 33604 --- [http-nio-8080-exec-1] o.s.web.servlet.DispatcherServlet        : Completed initialization in 1 ms
2025-10-26T17:52:02.783+05:00 DEBUG 33604 --- [http-nio-8080-exec-8] e.n.o.security.GlobalExceptionHandler    : Validation failed: {amount=amount must be > 0}
2025-10-26T17:54:04.243+05:00 DEBUG 33604 --- [http-nio-8080-exec-3] e.n.o.security.GlobalExceptionHandler    : Validation failed: {amount=must not be null}
2025-10-26T18:38:01.068+05:00  WARN 33604 --- [HikariPool-1 housekeeper] com.zaxxer.hikari.pool.HikariPool        : HikariPool-1 - Thread starvation or clock leap detected (housekeeper delta=3m5s551ms533µs200ns).
2025-10-26T19:57:05.984+05:00  INFO 33604 --- [SpringApplicationShutdownHook] j.LocalContainerEntityManagerFactoryBean : Closing JPA EntityManagerFactory for persistence unit 'default'
2025-10-26T19:57:05.987+05:00  INFO 33604 --- [SpringApplicationShutdownHook] com.zaxxer.hikari.HikariDataSource       : HikariPool-1 - Shutdown initiated...
2025-10-26T19:57:05.989+05:00  INFO 33604 --- [SpringApplicationShutdownHook] com.zaxxer.hikari.HikariDataSource       : HikariPool-1 - Shutdown completed.
2025-10-26T19:57:36.479+05:00  INFO 33272 --- [main] .n.o.AdditionalSecurityExpectationsTests : Starting AdditionalSecurityExpectationsTests using Java 17.0.16 with PID 33272 (started by Niazi-Express in C:\Users\Niazi-Express\Downloads\owasp-api-vuln-lab-assignment-03\owasp-api-vuln-lab)
2025-10-26T19:57:36.481+05:00 DEBUG 33272 --- [main] .n.o.AdditionalSecurityExpectationsTests : Running with Spring Boot v3.3.4, Spring v6.1.13
2025-10-26T19:57:36.482+05:00  INFO 33272 --- [main] .n.o.AdditionalSecurityExpectationsTests : No active profile set, falling back to 1 default profile: "default"
2025-10-26T19:57:37.818+05:00  INFO 33272 --- [main] .s.d.r.c.RepositoryConfigurationDelegate : Bootstrapping Spring Data JPA repositories in DEFAULT mode.
2025-10-26T19:57:37.933+05:00  INFO 33272 --- [main] .s.d.r.c.RepositoryConfigurationDelegate : Finished Spring Data repository scanning in 101 ms. Found 2 JPA repository interfaces.
2025-10-26T19:57:39.081+05:00  INFO 33272 --- [main] o.hibernate.jpa.internal.util.LogHelper  : HHH000204: Processing PersistenceUnitInfo [name: default]
2025-10-26T19:57:39.470+05:00  INFO 33272 --- [main] org.hibernate.Version                    : HHH000412: Hibernate ORM core version 6.5.3.Final
2025-10-26T19:57:39.598+05:00  INFO 33272 --- [main] o.h.c.internal.RegionFactoryInitiator    : HHH000026: Second-level cache disabled
2025-10-26T19:57:40.257+05:00  INFO 33272 --- [main] o.s.o.j.p.SpringPersistenceUnitInfo      : No LoadTimeWeaver setup: ignoring JPA class transformer
2025-10-26T19:57:40.317+05:00  INFO 33272 --- [main] com.zaxxer.hikari.HikariDataSource       : HikariPool-1 - Starting...
2025-10-26T19:57:40.593+05:00  INFO 33272 --- [main] com.zaxxer.hikari.pool.HikariPool        : HikariPool-1 - Added connection conn0: url=jdbc:h2:mem:apilab user=SA
2025-10-26T19:57:40.597+05:00  INFO 33272 --- [main] com.zaxxer.hikari.HikariDataSource       : HikariPool-1 - Start completed.
2025-10-26T19:57:42.002+05:00  INFO 33272 --- [main] o.h.e.t.j.p.i.JtaPlatformInitiator       : HHH000489: No JTA platform available (set 'hibernate.transaction.jta.platform' to enable JTA platform integration)
2025-10-26T19:57:42.089+05:00  INFO 33272 --- [main] j.LocalContainerEntityManagerFactoryBean : Initialized JPA EntityManagerFactory for persistence unit 'default'
2025-10-26T19:57:42.949+05:00  INFO 33272 --- [main] o.s.d.j.r.query.QueryEnhancerFactory     : Hibernate is in classpath; If applicable, HQL parser will be used.
2025-10-26T19:57:44.062+05:00  WARN 33272 --- [main] JpaBaseConfiguration$JpaWebConfiguration : spring.jpa.open-in-view is enabled by default. Therefore, database queries may be performed during view rendering. Explicitly configure spring.jpa.open-in-view to disable this warning
2025-10-26T19:57:44.168+05:00  WARN 33272 --- [main] .s.s.UserDetailsServiceAutoConfiguration : 

Using generated security password: 2d48d3e2-07f1-41ed-8a17-8f7349ec06af

This generated password is for development use only. Your security configuration must be updated before running your application in production.

2025-10-26T19:57:44.189+05:00  INFO 33272 --- [main] r$InitializeUserDetailsManagerConfigurer : Global AuthenticationManager configured with UserDetailsService bean with name inMemoryUserDetailsManager
2025-10-26T19:57:45.760+05:00  INFO 33272 --- [main] o.s.b.a.h2.H2ConsoleAutoConfiguration    : H2 console available at '/h2-console'. Database available at 'jdbc:h2:mem:apilab'
2025-10-26T19:57:45.917+05:00  INFO 33272 --- [main] o.s.b.t.m.w.SpringBootMockServletContext : Initializing Spring TestDispatcherServlet ''
2025-10-26T19:57:45.917+05:00  INFO 33272 --- [main] o.s.t.web.servlet.TestDispatcherServlet  : Initializing Servlet ''
2025-10-26T19:57:45.919+05:00  INFO 33272 --- [main] o.s.t.web.servlet.TestDispatcherServlet  : Completed initialization in 1 ms
2025-10-26T19:57:45.970+05:00  INFO 33272 --- [main] .n.o.AdditionalSecurityExpectationsTests : Started AdditionalSecurityExpectationsTests in 9.995 seconds (process running for 11.791)
2025-10-26T19:57:50.616+05:00  INFO 33272 --- [SpringApplicationShutdownHook] j.LocalContainerEntityManagerFactoryBean : Closing JPA EntityManagerFactory for persistence unit 'default'
2025-10-26T19:57:50.620+05:00  INFO 33272 --- [SpringApplicationShutdownHook] com.zaxxer.hikari.HikariDataSource       : HikariPool-1 - Shutdown initiated...
2025-10-26T19:57:50.625+05:00  INFO 33272 --- [SpringApplicationShutdownHook] com.zaxxer.hikari.HikariDataSource       : HikariPool-1 - Shutdown completed.
2025-10-26T20:25:16.273+05:00  INFO 30952 --- [main] .n.o.AdditionalSecurityExpectationsTests : Starting AdditionalSecurityExpectationsTests using Java 17.0.16 with PID 30952 (started by Niazi-Express in C:\Users\Niazi-Express\Downloads\owasp-api-vuln-lab-assignment-03\owasp-api-vuln-lab)
2025-10-26T20:25:16.275+05:00 DEBUG 30952 --- [main] .n.o.AdditionalSecurityExpectationsTests : Running with Spring Boot v3.3.4, Spring v6.1.13
2025-10-26T20:25:16.276+05:00  INFO 30952 --- [main] .n.o.AdditionalSecurityExpectationsTests : No active profile set, falling back to 1 default profile: "default"
2025-10-26T20:25:17.654+05:00  INFO 30952 --- [main] .s.d.r.c.RepositoryConfigurationDelegate : Bootstrapping Spring Data JPA repositories in DEFAULT mode.
2025-10-26T20:25:17.783+05:00  INFO 30952 --- [main] .s.d.r.c.RepositoryConfigurationDelegate : Finished Spring Data repository scanning in 112 ms. Found 2 JPA repository interfaces.
2025-10-26T20:25:18.922+05:00  INFO 30952 --- [main] o.hibernate.jpa.internal.util.LogHelper  : HHH000204: Processing PersistenceUnitInfo [name: default]
2025-10-26T20:25:19.074+05:00  INFO 30952 --- [main] org.hibernate.Version                    : HHH000412: Hibernate ORM core version 6.5.3.Final
2025-10-26T20:25:19.182+05:00  INFO 30952 --- [main] o.h.c.internal.RegionFactoryInitiator    : HHH000026: Second-level cache disabled
2025-10-26T20:25:19.939+05:00  INFO 30952 --- [main] o.s.o.j.p.SpringPersistenceUnitInfo      : No LoadTimeWeaver setup: ignoring JPA class transformer
2025-10-26T20:25:20.012+05:00  INFO 30952 --- [main] com.zaxxer.hikari.HikariDataSource       : HikariPool-1 - Starting...
2025-10-26T20:25:20.359+05:00  INFO 30952 --- [main] com.zaxxer.hikari.pool.HikariPool        : HikariPool-1 - Added connection conn0: url=jdbc:h2:mem:apilab user=SA
2025-10-26T20:25:20.363+05:00  INFO 30952 --- [main] com.zaxxer.hikari.HikariDataSource       : HikariPool-1 - Start completed.
2025-10-26T20:25:22.123+05:00  INFO 30952 --- [main] o.h.e.t.j.p.i.JtaPlatformInitiator       : HHH000489: No JTA platform available (set 'hibernate.transaction.jta.platform' to enable JTA platform integration)
2025-10-26T20:25:22.235+05:00  INFO 30952 --- [main] j.LocalContainerEntityManagerFactoryBean : Initialized JPA EntityManagerFactory for persistence unit 'default'
2025-10-26T20:25:23.215+05:00  INFO 30952 --- [main] o.s.d.j.r.query.QueryEnhancerFactory     : Hibernate is in classpath; If applicable, HQL parser will be used.
2025-10-26T20:25:24.553+05:00  WARN 30952 --- [main] JpaBaseConfiguration$JpaWebConfiguration : spring.jpa.open-in-view is enabled by default. Therefore, database queries may be performed during view rendering. Explicitly configure spring.jpa.open-in-view to disable this warning
2025-10-26T20:25:24.653+05:00  WARN 30952 --- [main] .s.s.UserDetailsServiceAutoConfiguration : 

Using generated security password: 79dbb159-0779-45dc-a66a-b01e220d6278

This generated password is for development use only. Your security configuration must be updated before running your application in production.

2025-10-26T20:25:24.705+05:00  INFO 30952 --- [main] r$InitializeUserDetailsManagerConfigurer : Global AuthenticationManager configured with UserDetailsService bean with name inMemoryUserDetailsManager
2025-10-26T20:25:27.006+05:00  INFO 30952 --- [main] o.s.b.a.h2.H2ConsoleAutoConfiguration    : H2 console available at '/h2-console'. Database available at 'jdbc:h2:mem:apilab'
2025-10-26T20:25:27.292+05:00  INFO 30952 --- [main] o.s.b.t.m.w.SpringBootMockServletContext : Initializing Spring TestDispatcherServlet ''
2025-10-26T20:25:27.294+05:00  INFO 30952 --- [main] o.s.t.web.servlet.TestDispatcherServlet  : Initializing Servlet ''
2025-10-26T20:25:27.295+05:00  INFO 30952 --- [main] o.s.t.web.servlet.TestDispatcherServlet  : Completed initialization in 1 ms
2025-10-26T20:25:27.352+05:00  INFO 30952 --- [main] .n.o.AdditionalSecurityExpectationsTests : Started AdditionalSecurityExpectationsTests in 11.576 seconds (process running for 13.232)
2025-10-26T20:25:30.925+05:00  WARN 30952 --- [main] e.n.o.security.GlobalExceptionHandler    : Access denied: Not your account
2025-10-26T20:26:06.396+05:00 DEBUG 30952 --- [main] e.n.o.security.GlobalExceptionHandler    : Validation failed: {password=must not be blank, email=must not be blank}
2025-10-26T20:26:18.942+05:00 DEBUG 30952 --- [main] e.n.o.security.GlobalExceptionHandler    : Validation failed: {amount=amount must be > 0}
2025-10-26T20:26:30.614+05:00  INFO 30952 --- [SpringApplicationShutdownHook] j.LocalContainerEntityManagerFactoryBean : Closing JPA EntityManagerFactory for persistence unit 'default'
2025-10-26T20:26:30.618+05:00  INFO 30952 --- [SpringApplicationShutdownHook] com.zaxxer.hikari.HikariDataSource       : HikariPool-1 - Shutdown initiated...
2025-10-26T20:26:30.622+05:00  INFO 30952 --- [SpringApplicationShutdownHook] com.zaxxer.hikari.HikariDataSource       : HikariPool-1 - Shutdown completed.
2025-10-26T20:50:44.433+05:00  INFO 25172 --- [main] .n.o.AdditionalSecurityExpectationsTests : Starting AdditionalSecurityExpectationsTests using Java 17.0.16 with PID 25172 (started by Niazi-Express in C:\Users\Niazi-Express\Downloads\owasp-api-vuln-lab-assignment-03\owasp-api-vuln-lab)
2025-10-26T20:50:44.435+05:00 DEBUG 25172 --- [main] .n.o.AdditionalSecurityExpectationsTests : Running with Spring Boot v3.3.4, Spring v6.1.13
2025-10-26T20:50:44.437+05:00  INFO 25172 --- [main] .n.o.AdditionalSecurityExpectationsTests : No active profile set, falling back to 1 default profile: "default"
2025-10-26T20:50:45.744+05:00  INFO 25172 --- [main] .s.d.r.c.RepositoryConfigurationDelegate : Bootstrapping Spring Data JPA repositories in DEFAULT mode.
2025-10-26T20:50:45.875+05:00  INFO 25172 --- [main] .s.d.r.c.RepositoryConfigurationDelegate : Finished Spring Data repository scanning in 110 ms. Found 2 JPA repository interfaces.
2025-10-26T20:50:47.038+05:00  INFO 25172 --- [main] o.hibernate.jpa.internal.util.LogHelper  : HHH000204: Processing PersistenceUnitInfo [name: default]
2025-10-26T20:50:47.354+05:00  INFO 25172 --- [main] org.hibernate.Version                    : HHH000412: Hibernate ORM core version 6.5.3.Final
2025-10-26T20:50:47.483+05:00  INFO 25172 --- [main] o.h.c.internal.RegionFactoryInitiator    : HHH000026: Second-level cache disabled
2025-10-26T20:50:50.965+05:00  INFO 25172 --- [main] o.s.o.j.p.SpringPersistenceUnitInfo      : No LoadTimeWeaver setup: ignoring JPA class transformer
2025-10-26T20:50:51.025+05:00  INFO 25172 --- [main] com.zaxxer.hikari.HikariDataSource       : HikariPool-1 - Starting...
2025-10-26T20:50:51.335+05:00  INFO 25172 --- [main] com.zaxxer.hikari.pool.HikariPool        : HikariPool-1 - Added connection conn0: url=jdbc:h2:mem:apilab user=SA
2025-10-26T20:50:51.338+05:00  INFO 25172 --- [main] com.zaxxer.hikari.HikariDataSource       : HikariPool-1 - Start completed.
2025-10-26T20:50:52.879+05:00  INFO 25172 --- [main] o.h.e.t.j.p.i.JtaPlatformInitiator       : HHH000489: No JTA platform available (set 'hibernate.transaction.jta.platform' to enable JTA platform integration)
2025-10-26T20:50:52.979+05:00  INFO 25172 --- [main] j.LocalContainerEntityManagerFactoryBean : Initialized JPA EntityManagerFactory for persistence unit 'default'
2025-10-26T20:50:53.842+05:00  INFO 25172 --- [main] o.s.d.j.r.query.QueryEnhancerFactory     : Hibernate is in classpath; If applicable, HQL parser will be used.
2025-10-26T20:50:54.920+05:00  WARN 25172 --- [main] JpaBaseConfiguration$JpaWebConfiguration : spring.jpa.open-in-view is enabled by default. Therefore, database queries may be performed during view rendering. Explicitly configure spring.jpa.open-in-view to disable this warning
2025-10-26T20:50:55.019+05:00  WARN 25172 --- [main] .s.s.UserDetailsServiceAutoConfiguration : 

Using generated security password: fa514212-df98-41d2-a88b-e0442a1e763c

This generated password is for development use only. Your security configuration must be updated before running your application in production.

2025-10-26T20:50:55.035+05:00  INFO 25172 --- [main] r$InitializeUserDetailsManagerConfigurer : Global AuthenticationManager configured with UserDetailsService bean with name inMemoryUserDetailsManager
2025-10-26T20:50:56.837+05:00  INFO 25172 --- [main] o.s.b.a.h2.H2ConsoleAutoConfiguration    : H2 console available at '/h2-console'. Database available at 'jdbc:h2:mem:apilab'
2025-10-26T20:50:57.079+05:00  INFO 25172 --- [main] o.s.b.t.m.w.SpringBootMockServletContext : Initializing Spring TestDispatcherServlet ''
2025-10-26T20:50:57.080+05:00  INFO 25172 --- [main] o.s.t.web.servlet.TestDispatcherServlet  : Initializing Servlet ''
2025-10-26T20:50:57.082+05:00  INFO 25172 --- [main] o.s.t.web.servlet.TestDispatcherServlet  : Completed initialization in 2 ms
2025-10-26T20:50:57.130+05:00  INFO 25172 --- [main] .n.o.AdditionalSecurityExpectationsTests : Started AdditionalSecurityExpectationsTests in 13.21 seconds (process running for 15.023)
2025-10-26T20:51:00.500+05:00  WARN 25172 --- [main] e.n.o.security.GlobalExceptionHandler    : Access denied: Not your account
2025-10-26T20:51:35.862+05:00 DEBUG 25172 --- [main] e.n.o.security.GlobalExceptionHandler    : Validation failed: {password=must not be blank, email=must not be blank}
2025-10-26T20:51:48.409+05:00 DEBUG 25172 --- [main] e.n.o.security.GlobalExceptionHandler    : Validation failed: {amount=amount must be > 0}
2025-10-26T20:52:00.142+05:00  INFO 25172 --- [SpringApplicationShutdownHook] j.LocalContainerEntityManagerFactoryBean : Closing JPA EntityManagerFactory for persistence unit 'default'
2025-10-26T20:52:00.147+05:00  INFO 25172 --- [SpringApplicationShutdownHook] com.zaxxer.hikari.HikariDataSource       : HikariPool-1 - Shutdown initiated...
2025-10-26T20:52:00.152+05:00  INFO 25172 --- [SpringApplicationShutdownHook] com.zaxxer.hikari.HikariDataSource       : HikariPool-1 - Shutdown completed.
2025-10-26T21:06:03.766+05:00  INFO 22844 --- [main] .n.o.AdditionalSecurityExpectationsTests : Starting AdditionalSecurityExpectationsTests using Java 17.0.16 with PID 22844 (started by Niazi-Express in C:\Users\Niazi-Express\Downloads\owasp-api-vuln-lab-assignment-03\owasp-api-vuln-lab)
2025-10-26T21:06:03.768+05:00 DEBUG 22844 --- [main] .n.o.AdditionalSecurityExpectationsTests : Running with Spring Boot v3.3.4, Spring v6.1.13
2025-10-26T21:06:03.769+05:00  INFO 22844 --- [main] .n.o.AdditionalSecurityExpectationsTests : No active profile set, falling back to 1 default profile: "default"
2025-10-26T21:06:05.151+05:00  INFO 22844 --- [main] .s.d.r.c.RepositoryConfigurationDelegate : Bootstrapping Spring Data JPA repositories in DEFAULT mode.
2025-10-26T21:06:05.289+05:00  INFO 22844 --- [main] .s.d.r.c.RepositoryConfigurationDelegate : Finished Spring Data repository scanning in 114 ms. Found 2 JPA repository interfaces.
2025-10-26T21:06:06.554+05:00  INFO 22844 --- [main] o.hibernate.jpa.internal.util.LogHelper  : HHH000204: Processing PersistenceUnitInfo [name: default]
2025-10-26T21:06:06.715+05:00  INFO 22844 --- [main] org.hibernate.Version                    : HHH000412: Hibernate ORM core version 6.5.3.Final
2025-10-26T21:06:06.817+05:00  INFO 22844 --- [main] o.h.c.internal.RegionFactoryInitiator    : HHH000026: Second-level cache disabled
2025-10-26T21:06:07.526+05:00  INFO 22844 --- [main] o.s.o.j.p.SpringPersistenceUnitInfo      : No LoadTimeWeaver setup: ignoring JPA class transformer
2025-10-26T21:06:07.674+05:00  INFO 22844 --- [main] com.zaxxer.hikari.HikariDataSource       : HikariPool-1 - Starting...
2025-10-26T21:06:07.943+05:00  INFO 22844 --- [main] com.zaxxer.hikari.pool.HikariPool        : HikariPool-1 - Added connection conn0: url=jdbc:h2:mem:apilab user=SA
2025-10-26T21:06:07.945+05:00  INFO 22844 --- [main] com.zaxxer.hikari.HikariDataSource       : HikariPool-1 - Start completed.
2025-10-26T21:06:09.458+05:00  INFO 22844 --- [main] o.h.e.t.j.p.i.JtaPlatformInitiator       : HHH000489: No JTA platform available (set 'hibernate.transaction.jta.platform' to enable JTA platform integration)
2025-10-26T21:06:09.555+05:00  INFO 22844 --- [main] j.LocalContainerEntityManagerFactoryBean : Initialized JPA EntityManagerFactory for persistence unit 'default'
2025-10-26T21:06:10.470+05:00  INFO 22844 --- [main] o.s.d.j.r.query.QueryEnhancerFactory     : Hibernate is in classpath; If applicable, HQL parser will be used.
2025-10-26T21:06:11.488+05:00  WARN 22844 --- [main] JpaBaseConfiguration$JpaWebConfiguration : spring.jpa.open-in-view is enabled by default. Therefore, database queries may be performed during view rendering. Explicitly configure spring.jpa.open-in-view to disable this warning
2025-10-26T21:06:11.592+05:00  WARN 22844 --- [main] .s.s.UserDetailsServiceAutoConfiguration : 

Using generated security password: 2881c92c-2c14-4dbe-918a-a0cd2f2acf24

This generated password is for development use only. Your security configuration must be updated before running your application in production.

2025-10-26T21:06:11.629+05:00  INFO 22844 --- [main] r$InitializeUserDetailsManagerConfigurer : Global AuthenticationManager configured with UserDetailsService bean with name inMemoryUserDetailsManager
2025-10-26T21:06:13.202+05:00  INFO 22844 --- [main] o.s.b.a.h2.H2ConsoleAutoConfiguration    : H2 console available at '/h2-console'. Database available at 'jdbc:h2:mem:apilab'
2025-10-26T21:06:13.464+05:00  INFO 22844 --- [main] o.s.b.t.m.w.SpringBootMockServletContext : Initializing Spring TestDispatcherServlet ''
2025-10-26T21:06:13.464+05:00  INFO 22844 --- [main] o.s.t.web.servlet.TestDispatcherServlet  : Initializing Servlet ''
2025-10-26T21:06:13.467+05:00  INFO 22844 --- [main] o.s.t.web.servlet.TestDispatcherServlet  : Completed initialization in 2 ms
2025-10-26T21:06:13.518+05:00  INFO 22844 --- [main] .n.o.AdditionalSecurityExpectationsTests : Started AdditionalSecurityExpectationsTests in 10.272 seconds (process running for 12.13)
2025-10-26T21:06:16.777+05:00  WARN 22844 --- [main] e.n.o.security.GlobalExceptionHandler    : Access denied: Not your account
2025-10-26T21:06:52.212+05:00 DEBUG 22844 --- [main] e.n.o.security.GlobalExceptionHandler    : Validation failed: {password=must not be blank, email=must not be blank}
2025-10-26T21:07:04.770+05:00 DEBUG 22844 --- [main] e.n.o.security.GlobalExceptionHandler    : Validation failed: {amount=amount must be > 0}
2025-10-26T21:07:16.456+05:00  INFO 22844 --- [SpringApplicationShutdownHook] j.LocalContainerEntityManagerFactoryBean : Closing JPA EntityManagerFactory for persistence unit 'default'
2025-10-26T21:07:16.460+05:00  INFO 22844 --- [SpringApplicationShutdownHook] com.zaxxer.hikari.HikariDataSource       : HikariPool-1 - Shutdown initiated...
2025-10-26T21:07:16.464+05:00  INFO 22844 --- [SpringApplicationShutdownHook] com.zaxxer.hikari.HikariDataSource       : HikariPool-1 - Shutdown completed.
2025-10-26T21:19:29.454+05:00  INFO 24124 --- [main] .n.o.AdditionalSecurityExpectationsTests : Starting AdditionalSecurityExpectationsTests using Java 17.0.16 with PID 24124 (started by Niazi-Express in C:\Users\Niazi-Express\Downloads\owasp-api-vuln-lab-assignment-03\owasp-api-vuln-lab)
2025-10-26T21:19:29.455+05:00 DEBUG 24124 --- [main] .n.o.AdditionalSecurityExpectationsTests : Running with Spring Boot v3.3.4, Spring v6.1.13
2025-10-26T21:19:29.457+05:00  INFO 24124 --- [main] .n.o.AdditionalSecurityExpectationsTests : No active profile set, falling back to 1 default profile: "default"
2025-10-26T21:19:30.815+05:00  INFO 24124 --- [main] .s.d.r.c.RepositoryConfigurationDelegate : Bootstrapping Spring Data JPA repositories in DEFAULT mode.
2025-10-26T21:19:30.939+05:00  INFO 24124 --- [main] .s.d.r.c.RepositoryConfigurationDelegate : Finished Spring Data repository scanning in 111 ms. Found 2 JPA repository interfaces.
2025-10-26T21:19:32.064+05:00  INFO 24124 --- [main] o.hibernate.jpa.internal.util.LogHelper  : HHH000204: Processing PersistenceUnitInfo [name: default]
2025-10-26T21:19:32.256+05:00  INFO 24124 --- [main] org.hibernate.Version                    : HHH000412: Hibernate ORM core version 6.5.3.Final
2025-10-26T21:19:32.349+05:00  INFO 24124 --- [main] o.h.c.internal.RegionFactoryInitiator    : HHH000026: Second-level cache disabled
2025-10-26T21:19:33.013+05:00  INFO 24124 --- [main] o.s.o.j.p.SpringPersistenceUnitInfo      : No LoadTimeWeaver setup: ignoring JPA class transformer
2025-10-26T21:19:33.071+05:00  INFO 24124 --- [main] com.zaxxer.hikari.HikariDataSource       : HikariPool-1 - Starting...
2025-10-26T21:19:33.348+05:00  INFO 24124 --- [main] com.zaxxer.hikari.pool.HikariPool        : HikariPool-1 - Added connection conn0: url=jdbc:h2:mem:apilab user=SA
2025-10-26T21:19:33.352+05:00  INFO 24124 --- [main] com.zaxxer.hikari.HikariDataSource       : HikariPool-1 - Start completed.
2025-10-26T21:19:34.808+05:00  INFO 24124 --- [main] o.h.e.t.j.p.i.JtaPlatformInitiator       : HHH000489: No JTA platform available (set 'hibernate.transaction.jta.platform' to enable JTA platform integration)
2025-10-26T21:19:34.901+05:00  INFO 24124 --- [main] j.LocalContainerEntityManagerFactoryBean : Initialized JPA EntityManagerFactory for persistence unit 'default'
2025-10-26T21:19:35.856+05:00  INFO 24124 --- [main] o.s.d.j.r.query.QueryEnhancerFactory     : Hibernate is in classpath; If applicable, HQL parser will be used.
2025-10-26T21:19:36.915+05:00  WARN 24124 --- [main] JpaBaseConfiguration$JpaWebConfiguration : spring.jpa.open-in-view is enabled by default. Therefore, database queries may be performed during view rendering. Explicitly configure spring.jpa.open-in-view to disable this warning
2025-10-26T21:19:37.014+05:00  WARN 24124 --- [main] .s.s.UserDetailsServiceAutoConfiguration : 

Using generated security password: f94e9669-ec39-4910-ad35-b7f8b2d1a976

This generated password is for development use only. Your security configuration must be updated before running your application in production.

2025-10-26T21:19:37.037+05:00  INFO 24124 --- [main] r$InitializeUserDetailsManagerConfigurer : Global AuthenticationManager configured with UserDetailsService bean with name inMemoryUserDetailsManager
2025-10-26T21:19:38.779+05:00  INFO 24124 --- [main] o.s.b.a.h2.H2ConsoleAutoConfiguration    : H2 console available at '/h2-console'. Database available at 'jdbc:h2:mem:apilab'
2025-10-26T21:19:38.980+05:00  INFO 24124 --- [main] o.s.b.t.m.w.SpringBootMockServletContext : Initializing Spring TestDispatcherServlet ''
2025-10-26T21:19:38.981+05:00  INFO 24124 --- [main] o.s.t.web.servlet.TestDispatcherServlet  : Initializing Servlet ''
2025-10-26T21:19:38.982+05:00  INFO 24124 --- [main] o.s.t.web.servlet.TestDispatcherServlet  : Completed initialization in 1 ms
2025-10-26T21:19:39.029+05:00  INFO 24124 --- [main] .n.o.AdditionalSecurityExpectationsTests : Started AdditionalSecurityExpectationsTests in 10.089 seconds (process running for 11.924)
2025-10-26T21:19:42.323+05:00  WARN 24124 --- [main] e.n.o.security.GlobalExceptionHandler    : Access denied: Not your account
2025-10-26T21:20:18.708+05:00 DEBUG 24124 --- [main] e.n.o.security.GlobalExceptionHandler    : Validation failed: {password=must not be blank, email=must not be blank}
2025-10-26T21:20:30.232+05:00 DEBUG 24124 --- [main] e.n.o.security.GlobalExceptionHandler    : Validation failed: {amount=amount must be > 0}
2025-10-26T21:20:41.879+05:00  INFO 24124 --- [SpringApplicationShutdownHook] j.LocalContainerEntityManagerFactoryBean : Closing JPA EntityManagerFactory for persistence unit 'default'
2025-10-26T21:20:41.891+05:00  INFO 24124 --- [SpringApplicationShutdownHook] com.zaxxer.hikari.HikariDataSource       : HikariPool-1 - Shutdown initiated...
2025-10-26T21:20:41.895+05:00  INFO 24124 --- [SpringApplicationShutdownHook] com.zaxxer.hikari.HikariDataSource       : HikariPool-1 - Shutdown completed.
2025-10-26T21:36:30.254+05:00  INFO 14644 --- [main] .n.o.AdditionalSecurityExpectationsTests : Starting AdditionalSecurityExpectationsTests using Java 17.0.16 with PID 14644 (started by Niazi-Express in C:\Users\Niazi-Express\Downloads\owasp-api-vuln-lab-assignment-03\owasp-api-vuln-lab)
2025-10-26T21:36:30.256+05:00 DEBUG 14644 --- [main] .n.o.AdditionalSecurityExpectationsTests : Running with Spring Boot v3.3.4, Spring v6.1.13
2025-10-26T21:36:30.258+05:00  INFO 14644 --- [main] .n.o.AdditionalSecurityExpectationsTests : No active profile set, falling back to 1 default profile: "default"
2025-10-26T21:36:31.821+05:00  INFO 14644 --- [main] .s.d.r.c.RepositoryConfigurationDelegate : Bootstrapping Spring Data JPA repositories in DEFAULT mode.
2025-10-26T21:36:31.996+05:00  INFO 14644 --- [main] .s.d.r.c.RepositoryConfigurationDelegate : Finished Spring Data repository scanning in 155 ms. Found 2 JPA repository interfaces.
2025-10-26T21:36:33.379+05:00  INFO 14644 --- [main] o.hibernate.jpa.internal.util.LogHelper  : HHH000204: Processing PersistenceUnitInfo [name: default]
2025-10-26T21:36:33.698+05:00  INFO 14644 --- [main] org.hibernate.Version                    : HHH000412: Hibernate ORM core version 6.5.3.Final
2025-10-26T21:36:33.827+05:00  INFO 14644 --- [main] o.h.c.internal.RegionFactoryInitiator    : HHH000026: Second-level cache disabled
2025-10-26T21:36:34.624+05:00  INFO 14644 --- [main] o.s.o.j.p.SpringPersistenceUnitInfo      : No LoadTimeWeaver setup: ignoring JPA class transformer
2025-10-26T21:36:34.692+05:00  INFO 14644 --- [main] com.zaxxer.hikari.HikariDataSource       : HikariPool-1 - Starting...
2025-10-26T21:36:35.005+05:00  INFO 14644 --- [main] com.zaxxer.hikari.pool.HikariPool        : HikariPool-1 - Added connection conn0: url=jdbc:h2:mem:apilab user=SA
2025-10-26T21:36:35.008+05:00  INFO 14644 --- [main] com.zaxxer.hikari.HikariDataSource       : HikariPool-1 - Start completed.
2025-10-26T21:36:36.636+05:00  INFO 14644 --- [main] o.h.e.t.j.p.i.JtaPlatformInitiator       : HHH000489: No JTA platform available (set 'hibernate.transaction.jta.platform' to enable JTA platform integration)
2025-10-26T21:36:36.785+05:00  INFO 14644 --- [main] j.LocalContainerEntityManagerFactoryBean : Initialized JPA EntityManagerFactory for persistence unit 'default'
2025-10-26T21:36:37.557+05:00  INFO 14644 --- [main] o.s.d.j.r.query.QueryEnhancerFactory     : Hibernate is in classpath; If applicable, HQL parser will be used.
2025-10-26T21:36:38.924+05:00  WARN 14644 --- [main] JpaBaseConfiguration$JpaWebConfiguration : spring.jpa.open-in-view is enabled by default. Therefore, database queries may be performed during view rendering. Explicitly configure spring.jpa.open-in-view to disable this warning
2025-10-26T21:36:39.007+05:00  WARN 14644 --- [main] .s.s.UserDetailsServiceAutoConfiguration : 

Using generated security password: 8147d12e-c541-42fe-b288-410a269a5f29

This generated password is for development use only. Your security configuration must be updated before running your application in production.

2025-10-26T21:36:39.039+05:00  INFO 14644 --- [main] r$InitializeUserDetailsManagerConfigurer : Global AuthenticationManager configured with UserDetailsService bean with name inMemoryUserDetailsManager
2025-10-26T21:36:40.622+05:00  INFO 14644 --- [main] o.s.b.a.h2.H2ConsoleAutoConfiguration    : H2 console available at '/h2-console'. Database available at 'jdbc:h2:mem:apilab'
2025-10-26T21:36:40.889+05:00  INFO 14644 --- [main] o.s.b.t.m.w.SpringBootMockServletContext : Initializing Spring TestDispatcherServlet ''
2025-10-26T21:36:40.890+05:00  INFO 14644 --- [main] o.s.t.web.servlet.TestDispatcherServlet  : Initializing Servlet ''
2025-10-26T21:36:40.892+05:00  INFO 14644 --- [main] o.s.t.web.servlet.TestDispatcherServlet  : Completed initialization in 2 ms
2025-10-26T21:36:40.957+05:00  INFO 14644 --- [main] .n.o.AdditionalSecurityExpectationsTests : Started AdditionalSecurityExpectationsTests in 11.281 seconds (process running for 13.204)
2025-10-26T21:36:44.458+05:00  WARN 14644 --- [main] e.n.o.security.GlobalExceptionHandler    : Access denied: Not your account
2025-10-26T21:37:19.970+05:00 DEBUG 14644 --- [main] e.n.o.security.GlobalExceptionHandler    : Validation failed: {password=must not be blank, email=must not be blank}
2025-10-26T21:37:32.505+05:00 DEBUG 14644 --- [main] e.n.o.security.GlobalExceptionHandler    : Validation failed: {amount=amount must be > 0}
2025-10-26T21:37:44.158+05:00  INFO 14644 --- [SpringApplicationShutdownHook] j.LocalContainerEntityManagerFactoryBean : Closing JPA EntityManagerFactory for persistence unit 'default'
2025-10-26T21:37:44.163+05:00  INFO 14644 --- [SpringApplicationShutdownHook] com.zaxxer.hikari.HikariDataSource       : HikariPool-1 - Shutdown initiated...
2025-10-26T21:37:44.166+05:00  INFO 14644 --- [SpringApplicationShutdownHook] com.zaxxer.hikari.HikariDataSource       : HikariPool-1 - Shutdown completed.
2025-10-26T21:55:14.436+05:00  INFO 5840 --- [main] .n.o.AdditionalSecurityExpectationsTests : Starting AdditionalSecurityExpectationsTests using Java 17.0.16 with PID 5840 (started by Niazi-Express in C:\Users\Niazi-Express\Downloads\owasp-api-vuln-lab-assignment-03\owasp-api-vuln-lab)
2025-10-26T21:55:14.439+05:00 DEBUG 5840 --- [main] .n.o.AdditionalSecurityExpectationsTests : Running with Spring Boot v3.3.4, Spring v6.1.13
2025-10-26T21:55:14.440+05:00  INFO 5840 --- [main] .n.o.AdditionalSecurityExpectationsTests : No active profile set, falling back to 1 default profile: "default"
2025-10-26T21:55:15.693+05:00  INFO 5840 --- [main] .s.d.r.c.RepositoryConfigurationDelegate : Bootstrapping Spring Data JPA repositories in DEFAULT mode.
2025-10-26T21:55:15.813+05:00  INFO 5840 --- [main] .s.d.r.c.RepositoryConfigurationDelegate : Finished Spring Data repository scanning in 106 ms. Found 2 JPA repository interfaces.
2025-10-26T21:55:16.806+05:00  INFO 5840 --- [main] o.hibernate.jpa.internal.util.LogHelper  : HHH000204: Processing PersistenceUnitInfo [name: default]
2025-10-26T21:55:17.022+05:00  INFO 5840 --- [main] org.hibernate.Version                    : HHH000412: Hibernate ORM core version 6.5.3.Final
2025-10-26T21:55:17.158+05:00  INFO 5840 --- [main] o.h.c.internal.RegionFactoryInitiator    : HHH000026: Second-level cache disabled
2025-10-26T21:55:17.934+05:00  INFO 5840 --- [main] o.s.o.j.p.SpringPersistenceUnitInfo      : No LoadTimeWeaver setup: ignoring JPA class transformer
2025-10-26T21:55:18.027+05:00  INFO 5840 --- [main] com.zaxxer.hikari.HikariDataSource       : HikariPool-1 - Starting...
2025-10-26T21:55:18.379+05:00  INFO 5840 --- [main] com.zaxxer.hikari.pool.HikariPool        : HikariPool-1 - Added connection conn0: url=jdbc:h2:mem:apilab user=SA
2025-10-26T21:55:18.384+05:00  INFO 5840 --- [main] com.zaxxer.hikari.HikariDataSource       : HikariPool-1 - Start completed.
2025-10-26T21:55:20.343+05:00  INFO 5840 --- [main] o.h.e.t.j.p.i.JtaPlatformInitiator       : HHH000489: No JTA platform available (set 'hibernate.transaction.jta.platform' to enable JTA platform integration)
2025-10-26T21:55:20.464+05:00  INFO 5840 --- [main] j.LocalContainerEntityManagerFactoryBean : Initialized JPA EntityManagerFactory for persistence unit 'default'
2025-10-26T21:55:21.520+05:00  INFO 5840 --- [main] o.s.d.j.r.query.QueryEnhancerFactory     : Hibernate is in classpath; If applicable, HQL parser will be used.
2025-10-26T21:55:22.911+05:00  WARN 5840 --- [main] JpaBaseConfiguration$JpaWebConfiguration : spring.jpa.open-in-view is enabled by default. Therefore, database queries may be performed during view rendering. Explicitly configure spring.jpa.open-in-view to disable this warning
2025-10-26T21:55:23.011+05:00  WARN 5840 --- [main] .s.s.UserDetailsServiceAutoConfiguration : 

Using generated security password: 2bea2e94-ab54-4c96-84ed-ca7dae27036f

This generated password is for development use only. Your security configuration must be updated before running your application in production.

2025-10-26T21:55:23.059+05:00  INFO 5840 --- [main] r$InitializeUserDetailsManagerConfigurer : Global AuthenticationManager configured with UserDetailsService bean with name inMemoryUserDetailsManager
2025-10-26T21:55:25.281+05:00  INFO 5840 --- [main] o.s.b.a.h2.H2ConsoleAutoConfiguration    : H2 console available at '/h2-console'. Database available at 'jdbc:h2:mem:apilab'
2025-10-26T21:55:25.560+05:00  INFO 5840 --- [main] o.s.b.t.m.w.SpringBootMockServletContext : Initializing Spring TestDispatcherServlet ''
2025-10-26T21:55:25.561+05:00  INFO 5840 --- [main] o.s.t.web.servlet.TestDispatcherServlet  : Initializing Servlet ''
2025-10-26T21:55:25.564+05:00  INFO 5840 --- [main] o.s.t.web.servlet.TestDispatcherServlet  : Completed initialization in 3 ms
2025-10-26T21:55:25.623+05:00  INFO 5840 --- [main] .n.o.AdditionalSecurityExpectationsTests : Started AdditionalSecurityExpectationsTests in 11.688 seconds (process running for 13.379)
2025-10-26T21:55:29.638+05:00  WARN 5840 --- [main] e.n.o.security.GlobalExceptionHandler    : Access denied: Not your account
2025-10-26T21:56:05.591+05:00 DEBUG 5840 --- [main] e.n.o.security.GlobalExceptionHandler    : Validation failed: {password=must not be blank, email=must not be blank}
2025-10-26T21:56:17.219+05:00 DEBUG 5840 --- [main] e.n.o.security.GlobalExceptionHandler    : Validation failed: {amount=amount must be > 0}
2025-10-26T21:56:41.382+05:00 DEBUG 5840 --- [main] e.n.o.security.GlobalExceptionHandler    : Validation failed: {password=size must be between 8 and 100}
2025-10-26T21:56:41.560+05:00  INFO 5840 --- [SpringApplicationShutdownHook] j.LocalContainerEntityManagerFactoryBean : Closing JPA EntityManagerFactory for persistence unit 'default'
2025-10-26T21:56:41.565+05:00  INFO 5840 --- [SpringApplicationShutdownHook] com.zaxxer.hikari.HikariDataSource       : HikariPool-1 - Shutdown initiated...
2025-10-26T21:56:41.570+05:00  INFO 5840 --- [SpringApplicationShutdownHook] com.zaxxer.hikari.HikariDataSource       : HikariPool-1 - Shutdown completed.
2025-10-26T22:01:27.047+05:00  INFO 29932 --- [main] .n.o.AdditionalSecurityExpectationsTests : Starting AdditionalSecurityExpectationsTests using Java 17.0.16 with PID 29932 (started by Niazi-Express in C:\Users\Niazi-Express\Downloads\owasp-api-vuln-lab-assignment-03\owasp-api-vuln-lab)
2025-10-26T22:01:27.050+05:00 DEBUG 29932 --- [main] .n.o.AdditionalSecurityExpectationsTests : Running with Spring Boot v3.3.4, Spring v6.1.13
2025-10-26T22:01:27.052+05:00  INFO 29932 --- [main] .n.o.AdditionalSecurityExpectationsTests : No active profile set, falling back to 1 default profile: "default"
2025-10-26T22:01:28.778+05:00  INFO 29932 --- [main] .s.d.r.c.RepositoryConfigurationDelegate : Bootstrapping Spring Data JPA repositories in DEFAULT mode.
2025-10-26T22:01:28.932+05:00  INFO 29932 --- [main] .s.d.r.c.RepositoryConfigurationDelegate : Finished Spring Data repository scanning in 132 ms. Found 2 JPA repository interfaces.
2025-10-26T22:01:30.310+05:00  INFO 29932 --- [main] o.hibernate.jpa.internal.util.LogHelper  : HHH000204: Processing PersistenceUnitInfo [name: default]
2025-10-26T22:01:30.509+05:00  INFO 29932 --- [main] org.hibernate.Version                    : HHH000412: Hibernate ORM core version 6.5.3.Final
2025-10-26T22:01:30.650+05:00  INFO 29932 --- [main] o.h.c.internal.RegionFactoryInitiator    : HHH000026: Second-level cache disabled
2025-10-26T22:01:31.526+05:00  INFO 29932 --- [main] o.s.o.j.p.SpringPersistenceUnitInfo      : No LoadTimeWeaver setup: ignoring JPA class transformer
2025-10-26T22:01:31.605+05:00  INFO 29932 --- [main] com.zaxxer.hikari.HikariDataSource       : HikariPool-1 - Starting...
2025-10-26T22:01:31.918+05:00  INFO 29932 --- [main] com.zaxxer.hikari.pool.HikariPool        : HikariPool-1 - Added connection conn0: url=jdbc:h2:mem:apilab user=SA
2025-10-26T22:01:31.922+05:00  INFO 29932 --- [main] com.zaxxer.hikari.HikariDataSource       : HikariPool-1 - Start completed.
2025-10-26T22:01:33.816+05:00  INFO 29932 --- [main] o.h.e.t.j.p.i.JtaPlatformInitiator       : HHH000489: No JTA platform available (set 'hibernate.transaction.jta.platform' to enable JTA platform integration)
2025-10-26T22:01:33.931+05:00  INFO 29932 --- [main] j.LocalContainerEntityManagerFactoryBean : Initialized JPA EntityManagerFactory for persistence unit 'default'
2025-10-26T22:01:34.864+05:00  INFO 29932 --- [main] o.s.d.j.r.query.QueryEnhancerFactory     : Hibernate is in classpath; If applicable, HQL parser will be used.
2025-10-26T22:01:36.253+05:00  WARN 29932 --- [main] JpaBaseConfiguration$JpaWebConfiguration : spring.jpa.open-in-view is enabled by default. Therefore, database queries may be performed during view rendering. Explicitly configure spring.jpa.open-in-view to disable this warning
2025-10-26T22:01:36.343+05:00  WARN 29932 --- [main] .s.s.UserDetailsServiceAutoConfiguration : 

Using generated security password: c9938abe-162a-4ba7-98bc-c361fa15ef7e

This generated password is for development use only. Your security configuration must be updated before running your application in production.

2025-10-26T22:01:36.365+05:00  INFO 29932 --- [main] r$InitializeUserDetailsManagerConfigurer : Global AuthenticationManager configured with UserDetailsService bean with name inMemoryUserDetailsManager
2025-10-26T22:01:38.591+05:00  INFO 29932 --- [main] o.s.b.a.h2.H2ConsoleAutoConfiguration    : H2 console available at '/h2-console'. Database available at 'jdbc:h2:mem:apilab'
2025-10-26T22:01:38.873+05:00  INFO 29932 --- [main] o.s.b.t.m.w.SpringBootMockServletContext : Initializing Spring TestDispatcherServlet ''
2025-10-26T22:01:38.874+05:00  INFO 29932 --- [main] o.s.t.web.servlet.TestDispatcherServlet  : Initializing Servlet ''
2025-10-26T22:01:38.877+05:00  INFO 29932 --- [main] o.s.t.web.servlet.TestDispatcherServlet  : Completed initialization in 2 ms
2025-10-26T22:01:38.934+05:00  INFO 29932 --- [main] .n.o.AdditionalSecurityExpectationsTests : Started AdditionalSecurityExpectationsTests in 12.583 seconds (process running for 14.88)
2025-10-26T22:01:42.550+05:00  WARN 29932 --- [main] e.n.o.security.GlobalExceptionHandler    : Access denied: Not your account
2025-10-26T22:02:18.302+05:00 DEBUG 29932 --- [main] e.n.o.security.GlobalExceptionHandler    : Validation failed: {password=must not be blank, email=must not be blank}
2025-10-26T22:02:30.901+05:00 DEBUG 29932 --- [main] e.n.o.security.GlobalExceptionHandler    : Validation failed: {amount=amount must be > 0}
2025-10-26T22:02:54.119+05:00 DEBUG 29932 --- [main] e.n.o.security.GlobalExceptionHandler    : Validation failed: {password=size must be between 8 and 100}
2025-10-26T22:02:54.320+05:00  INFO 29932 --- [SpringApplicationShutdownHook] j.LocalContainerEntityManagerFactoryBean : Closing JPA EntityManagerFactory for persistence unit 'default'
2025-10-26T22:02:54.324+05:00  INFO 29932 --- [SpringApplicationShutdownHook] com.zaxxer.hikari.HikariDataSource       : HikariPool-1 - Shutdown initiated...
2025-10-26T22:02:54.327+05:00  INFO 29932 --- [SpringApplicationShutdownHook] com.zaxxer.hikari.HikariDataSource       : HikariPool-1 - Shutdown completed.
2025-10-26T22:20:20.032+05:00  INFO 32912 --- [main] .n.o.AdditionalSecurityExpectationsTests : Starting AdditionalSecurityExpectationsTests using Java 17.0.16 with PID 32912 (started by Niazi-Express in C:\Users\Niazi-Express\Downloads\owasp-api-vuln-lab-assignment-03\owasp-api-vuln-lab)
2025-10-26T22:20:20.035+05:00 DEBUG 32912 --- [main] .n.o.AdditionalSecurityExpectationsTests : Running with Spring Boot v3.3.4, Spring v6.1.13
2025-10-26T22:20:20.036+05:00  INFO 32912 --- [main] .n.o.AdditionalSecurityExpectationsTests : No active profile set, falling back to 1 default profile: "default"
2025-10-26T22:20:21.284+05:00  INFO 32912 --- [main] .s.d.r.c.RepositoryConfigurationDelegate : Bootstrapping Spring Data JPA repositories in DEFAULT mode.
2025-10-26T22:20:21.402+05:00  INFO 32912 --- [main] .s.d.r.c.RepositoryConfigurationDelegate : Finished Spring Data repository scanning in 101 ms. Found 2 JPA repository interfaces.
2025-10-26T22:20:22.393+05:00  INFO 32912 --- [main] o.hibernate.jpa.internal.util.LogHelper  : HHH000204: Processing PersistenceUnitInfo [name: default]
2025-10-26T22:20:22.566+05:00  INFO 32912 --- [main] org.hibernate.Version                    : HHH000412: Hibernate ORM core version 6.5.3.Final
2025-10-26T22:20:22.706+05:00  INFO 32912 --- [main] o.h.c.internal.RegionFactoryInitiator    : HHH000026: Second-level cache disabled
2025-10-26T22:20:23.464+05:00  INFO 32912 --- [main] o.s.o.j.p.SpringPersistenceUnitInfo      : No LoadTimeWeaver setup: ignoring JPA class transformer
2025-10-26T22:20:23.544+05:00  INFO 32912 --- [main] com.zaxxer.hikari.HikariDataSource       : HikariPool-1 - Starting...
2025-10-26T22:20:23.809+05:00  INFO 32912 --- [main] com.zaxxer.hikari.pool.HikariPool        : HikariPool-1 - Added connection conn0: url=jdbc:h2:mem:apilab user=SA
2025-10-26T22:20:23.811+05:00  INFO 32912 --- [main] com.zaxxer.hikari.HikariDataSource       : HikariPool-1 - Start completed.
2025-10-26T22:20:25.383+05:00  INFO 32912 --- [main] o.h.e.t.j.p.i.JtaPlatformInitiator       : HHH000489: No JTA platform available (set 'hibernate.transaction.jta.platform' to enable JTA platform integration)
2025-10-26T22:20:25.482+05:00  INFO 32912 --- [main] j.LocalContainerEntityManagerFactoryBean : Initialized JPA EntityManagerFactory for persistence unit 'default'
2025-10-26T22:20:26.064+05:00  INFO 32912 --- [main] o.s.d.j.r.query.QueryEnhancerFactory     : Hibernate is in classpath; If applicable, HQL parser will be used.
2025-10-26T22:20:27.105+05:00  WARN 32912 --- [main] JpaBaseConfiguration$JpaWebConfiguration : spring.jpa.open-in-view is enabled by default. Therefore, database queries may be performed during view rendering. Explicitly configure spring.jpa.open-in-view to disable this warning
2025-10-26T22:20:27.178+05:00  WARN 32912 --- [main] .s.s.UserDetailsServiceAutoConfiguration : 

Using generated security password: 5fbae05e-6d2d-4362-892f-319ea3465a94

This generated password is for development use only. Your security configuration must be updated before running your application in production.

2025-10-26T22:20:27.202+05:00  INFO 32912 --- [main] r$InitializeUserDetailsManagerConfigurer : Global AuthenticationManager configured with UserDetailsService bean with name inMemoryUserDetailsManager
2025-10-26T22:20:28.592+05:00  INFO 32912 --- [main] o.s.b.a.h2.H2ConsoleAutoConfiguration    : H2 console available at '/h2-console'. Database available at 'jdbc:h2:mem:apilab'
2025-10-26T22:20:28.799+05:00  INFO 32912 --- [main] o.s.b.t.m.w.SpringBootMockServletContext : Initializing Spring TestDispatcherServlet ''
2025-10-26T22:20:28.801+05:00  INFO 32912 --- [main] o.s.t.web.servlet.TestDispatcherServlet  : Initializing Servlet ''
2025-10-26T22:20:28.805+05:00  INFO 32912 --- [main] o.s.t.web.servlet.TestDispatcherServlet  : Completed initialization in 3 ms
2025-10-26T22:20:28.852+05:00  INFO 32912 --- [main] .n.o.AdditionalSecurityExpectationsTests : Started AdditionalSecurityExpectationsTests in 9.34 seconds (process running for 11.292)
2025-10-26T22:20:28.858+05:00  INFO 32912 --- [SpringApplicationShutdownHook] j.LocalContainerEntityManagerFactoryBean : Closing JPA EntityManagerFactory for persistence unit 'default'
2025-10-26T22:20:28.864+05:00  INFO 32912 --- [SpringApplicationShutdownHook] com.zaxxer.hikari.HikariDataSource       : HikariPool-1 - Shutdown initiated...
2025-10-26T22:20:28.870+05:00  INFO 32912 --- [SpringApplicationShutdownHook] com.zaxxer.hikari.HikariDataSource       : HikariPool-1 - Shutdown completed.
2025-10-26T22:20:51.273+05:00  INFO 21456 --- [main] .n.o.AdditionalSecurityExpectationsTests : Starting AdditionalSecurityExpectationsTests using Java 17.0.16 with PID 21456 (started by Niazi-Express in C:\Users\Niazi-Express\Downloads\owasp-api-vuln-lab-assignment-03\owasp-api-vuln-lab)
2025-10-26T22:20:51.277+05:00 DEBUG 21456 --- [main] .n.o.AdditionalSecurityExpectationsTests : Running with Spring Boot v3.3.4, Spring v6.1.13
2025-10-26T22:20:51.278+05:00  INFO 21456 --- [main] .n.o.AdditionalSecurityExpectationsTests : No active profile set, falling back to 1 default profile: "default"
2025-10-26T22:20:53.162+05:00  INFO 21456 --- [main] .s.d.r.c.RepositoryConfigurationDelegate : Bootstrapping Spring Data JPA repositories in DEFAULT mode.
2025-10-26T22:20:53.328+05:00  INFO 21456 --- [main] .s.d.r.c.RepositoryConfigurationDelegate : Finished Spring Data repository scanning in 144 ms. Found 2 JPA repository interfaces.
2025-10-26T22:20:54.795+05:00  INFO 21456 --- [main] o.hibernate.jpa.internal.util.LogHelper  : HHH000204: Processing PersistenceUnitInfo [name: default]
2025-10-26T22:20:55.021+05:00  INFO 21456 --- [main] org.hibernate.Version                    : HHH000412: Hibernate ORM core version 6.5.3.Final
2025-10-26T22:20:55.149+05:00  INFO 21456 --- [main] o.h.c.internal.RegionFactoryInitiator    : HHH000026: Second-level cache disabled
2025-10-26T22:20:56.016+05:00  INFO 21456 --- [main] o.s.o.j.p.SpringPersistenceUnitInfo      : No LoadTimeWeaver setup: ignoring JPA class transformer
2025-10-26T22:20:56.096+05:00  INFO 21456 --- [main] com.zaxxer.hikari.HikariDataSource       : HikariPool-1 - Starting...
2025-10-26T22:20:56.452+05:00  INFO 21456 --- [main] com.zaxxer.hikari.pool.HikariPool        : HikariPool-1 - Added connection conn0: url=jdbc:h2:mem:apilab user=SA
2025-10-26T22:20:56.455+05:00  INFO 21456 --- [main] com.zaxxer.hikari.HikariDataSource       : HikariPool-1 - Start completed.
2025-10-26T22:20:58.308+05:00  INFO 21456 --- [main] o.h.e.t.j.p.i.JtaPlatformInitiator       : HHH000489: No JTA platform available (set 'hibernate.transaction.jta.platform' to enable JTA platform integration)
2025-10-26T22:20:58.434+05:00  INFO 21456 --- [main] j.LocalContainerEntityManagerFactoryBean : Initialized JPA EntityManagerFactory for persistence unit 'default'
2025-10-26T22:20:59.239+05:00  INFO 21456 --- [main] o.s.d.j.r.query.QueryEnhancerFactory     : Hibernate is in classpath; If applicable, HQL parser will be used.
2025-10-26T22:21:00.743+05:00  WARN 21456 --- [main] JpaBaseConfiguration$JpaWebConfiguration : spring.jpa.open-in-view is enabled by default. Therefore, database queries may be performed during view rendering. Explicitly configure spring.jpa.open-in-view to disable this warning
2025-10-26T22:21:00.845+05:00  WARN 21456 --- [main] .s.s.UserDetailsServiceAutoConfiguration : 

Using generated security password: d441fd55-1a80-4bc4-9bd9-bb5f21e4be0c

This generated password is for development use only. Your security configuration must be updated before running your application in production.

2025-10-26T22:21:00.879+05:00  INFO 21456 --- [main] r$InitializeUserDetailsManagerConfigurer : Global AuthenticationManager configured with UserDetailsService bean with name inMemoryUserDetailsManager
2025-10-26T22:21:02.891+05:00  INFO 21456 --- [main] o.s.b.a.h2.H2ConsoleAutoConfiguration    : H2 console available at '/h2-console'. Database available at 'jdbc:h2:mem:apilab'
2025-10-26T22:21:03.218+05:00  INFO 21456 --- [main] o.s.b.t.m.w.SpringBootMockServletContext : Initializing Spring TestDispatcherServlet ''
2025-10-26T22:21:03.219+05:00  INFO 21456 --- [main] o.s.t.web.servlet.TestDispatcherServlet  : Initializing Servlet ''
2025-10-26T22:21:03.222+05:00  INFO 21456 --- [main] o.s.t.web.servlet.TestDispatcherServlet  : Completed initialization in 2 ms
2025-10-26T22:21:03.303+05:00  INFO 21456 --- [main] .n.o.AdditionalSecurityExpectationsTests : Started AdditionalSecurityExpectationsTests in 12.778 seconds (process running for 14.927)
2025-10-26T22:21:07.381+05:00  WARN 21456 --- [main] e.n.o.security.GlobalExceptionHandler    : Access denied: Not your account
2025-10-26T22:21:43.309+05:00 DEBUG 21456 --- [main] e.n.o.security.GlobalExceptionHandler    : Validation failed: {password=must not be blank, email=must not be blank}
2025-10-26T22:21:54.956+05:00 DEBUG 21456 --- [main] e.n.o.security.GlobalExceptionHandler    : Validation failed: {amount=amount must be > 0}
2025-10-26T22:22:19.695+05:00  INFO 21456 --- [SpringApplicationShutdownHook] j.LocalContainerEntityManagerFactoryBean : Closing JPA EntityManagerFactory for persistence unit 'default'
2025-10-26T22:22:19.701+05:00  INFO 21456 --- [SpringApplicationShutdownHook] com.zaxxer.hikari.HikariDataSource       : HikariPool-1 - Shutdown initiated...
2025-10-26T22:22:19.705+05:00  INFO 21456 --- [SpringApplicationShutdownHook] com.zaxxer.hikari.HikariDataSource       : HikariPool-1 - Shutdown completed.
2025-10-26T22:31:07.758+05:00  INFO 30036 --- [main] .n.o.AdditionalSecurityExpectationsTests : Starting AdditionalSecurityExpectationsTests using Java 17.0.16 with PID 30036 (started by Niazi-Express in C:\Users\Niazi-Express\Downloads\owasp-api-vuln-lab-assignment-03\owasp-api-vuln-lab)
2025-10-26T22:31:07.760+05:00 DEBUG 30036 --- [main] .n.o.AdditionalSecurityExpectationsTests : Running with Spring Boot v3.3.4, Spring v6.1.13
2025-10-26T22:31:07.761+05:00  INFO 30036 --- [main] .n.o.AdditionalSecurityExpectationsTests : No active profile set, falling back to 1 default profile: "default"
2025-10-26T22:31:08.992+05:00  INFO 30036 --- [main] .s.d.r.c.RepositoryConfigurationDelegate : Bootstrapping Spring Data JPA repositories in DEFAULT mode.
2025-10-26T22:31:09.113+05:00  INFO 30036 --- [main] .s.d.r.c.RepositoryConfigurationDelegate : Finished Spring Data repository scanning in 107 ms. Found 2 JPA repository interfaces.
2025-10-26T22:31:10.084+05:00  INFO 30036 --- [main] o.hibernate.jpa.internal.util.LogHelper  : HHH000204: Processing PersistenceUnitInfo [name: default]
2025-10-26T22:31:10.305+05:00  INFO 30036 --- [main] org.hibernate.Version                    : HHH000412: Hibernate ORM core version 6.5.3.Final
2025-10-26T22:31:10.404+05:00  INFO 30036 --- [main] o.h.c.internal.RegionFactoryInitiator    : HHH000026: Second-level cache disabled
2025-10-26T22:31:11.242+05:00  INFO 30036 --- [main] o.s.o.j.p.SpringPersistenceUnitInfo      : No LoadTimeWeaver setup: ignoring JPA class transformer
2025-10-26T22:31:11.314+05:00  INFO 30036 --- [main] com.zaxxer.hikari.HikariDataSource       : HikariPool-1 - Starting...
2025-10-26T22:31:11.639+05:00  INFO 30036 --- [main] com.zaxxer.hikari.pool.HikariPool        : HikariPool-1 - Added connection conn0: url=jdbc:h2:mem:apilab user=SA
2025-10-26T22:31:11.642+05:00  INFO 30036 --- [main] com.zaxxer.hikari.HikariDataSource       : HikariPool-1 - Start completed.
2025-10-26T22:31:13.116+05:00  INFO 30036 --- [main] o.h.e.t.j.p.i.JtaPlatformInitiator       : HHH000489: No JTA platform available (set 'hibernate.transaction.jta.platform' to enable JTA platform integration)
2025-10-26T22:31:13.220+05:00  INFO 30036 --- [main] j.LocalContainerEntityManagerFactoryBean : Initialized JPA EntityManagerFactory for persistence unit 'default'
2025-10-26T22:31:13.969+05:00  INFO 30036 --- [main] o.s.d.j.r.query.QueryEnhancerFactory     : Hibernate is in classpath; If applicable, HQL parser will be used.
2025-10-26T22:31:14.867+05:00  WARN 30036 --- [main] JpaBaseConfiguration$JpaWebConfiguration : spring.jpa.open-in-view is enabled by default. Therefore, database queries may be performed during view rendering. Explicitly configure spring.jpa.open-in-view to disable this warning
2025-10-26T22:31:14.932+05:00  WARN 30036 --- [main] .s.s.UserDetailsServiceAutoConfiguration : 

Using generated security password: 27ea4379-f8de-4176-ba17-ca39241de5b7

This generated password is for development use only. Your security configuration must be updated before running your application in production.

2025-10-26T22:31:14.950+05:00  INFO 30036 --- [main] r$InitializeUserDetailsManagerConfigurer : Global AuthenticationManager configured with UserDetailsService bean with name inMemoryUserDetailsManager
2025-10-26T22:31:16.340+05:00  INFO 30036 --- [main] o.s.b.a.h2.H2ConsoleAutoConfiguration    : H2 console available at '/h2-console'. Database available at 'jdbc:h2:mem:apilab'
2025-10-26T22:31:16.547+05:00  INFO 30036 --- [main] o.s.b.t.m.w.SpringBootMockServletContext : Initializing Spring TestDispatcherServlet ''
2025-10-26T22:31:16.547+05:00  INFO 30036 --- [main] o.s.t.web.servlet.TestDispatcherServlet  : Initializing Servlet ''
2025-10-26T22:31:16.550+05:00  INFO 30036 --- [main] o.s.t.web.servlet.TestDispatcherServlet  : Completed initialization in 2 ms
2025-10-26T22:31:16.593+05:00  INFO 30036 --- [main] .n.o.AdditionalSecurityExpectationsTests : Started AdditionalSecurityExpectationsTests in 9.333 seconds (process running for 11.318)
2025-10-26T22:31:19.726+05:00  WARN 30036 --- [main] e.n.o.security.GlobalExceptionHandler    : Access denied: Not your account
2025-10-26T22:31:56.012+05:00 DEBUG 30036 --- [main] e.n.o.security.GlobalExceptionHandler    : Validation failed: {password=must not be blank, email=must not be blank}
2025-10-26T22:32:07.519+05:00 DEBUG 30036 --- [main] e.n.o.security.GlobalExceptionHandler    : Validation failed: {amount=amount must be > 0}
2025-10-26T22:32:32.056+05:00  INFO 30036 --- [SpringApplicationShutdownHook] j.LocalContainerEntityManagerFactoryBean : Closing JPA EntityManagerFactory for persistence unit 'default'
2025-10-26T22:32:32.059+05:00  INFO 30036 --- [SpringApplicationShutdownHook] com.zaxxer.hikari.HikariDataSource       : HikariPool-1 - Shutdown initiated...
2025-10-26T22:32:32.063+05:00  INFO 30036 --- [SpringApplicationShutdownHook] com.zaxxer.hikari.HikariDataSource       : HikariPool-1 - Shutdown completed.
